T@8: | | | <vio_io_wait
T@8: | | <vio_read
T@8: | <net_read_raw_loop
T@8: | THD::enter_stage: 'starting' /opt/src/mysql-server/sql/conn_handler/init_net_server_extension.cc:111
T@8: | >PROFILING::status_change
T@8: | <PROFILING::status_change
T@8: | packet_header: Memory: 0x7fff30006a60  Bytes: (4)
55 00 00 00 
T@8: | >net_read_raw_loop
T@8: | | >vio_read
T@8: | | <vio_read
T@8: | <net_read_raw_loop
T@8: | net read: Memory: 0x7fff30006a60  Bytes: (85)
03 00 01 73 65 6C 65 63 74 20 66 69 72 73 74 5F 6E 61 6D 65 2C 20 6C 61 73 74 
5F 6E 61 6D 65 20 66 72 6F 6D 20 65 6D 70 6C 6F 79 65 65 73 20 77 68 65 72 65 
20 65 6D 70 5F 6E 6F 20 3C 20 31 30 30 20 6F 72 64 65 72 20 62 79 20 66 69 72 
73 74 5F 6E 61 6D 65 
T@8: | >Protocol_classic::parse_packet
T@8: | | info: param count 0l
T@8: | <Protocol_classic::parse_packet
T@8: | info: Command on socket (36) = 3 (Query)
T@8: | info: packet: '                                                                                    '; command: 3
T@8: | >my_net_set_read_timeout
T@8: | | enter: timeout: 30
T@8: | | >vio_socket_timeout
T@8: | | <vio_socket_timeout
T@8: | <my_net_set_read_timeout
T@8: | >dispatch_command
T@8: | | info: command: 3
T@8: | | >PROFILING::start_new_query
T@8: | | <PROFILING::start_new_query
T@8: | | >mysql_audit_acquire_plugins
T@8: | | <mysql_audit_acquire_plugins
T@8: | | >alloc_query
T@8: | | | thd_query: thd->thread_id():8 thd:0x7fff30001050 query:select first_name, last_name from employees where emp_no < 100 order by first_name
T@8: | | <alloc_query
T@8: | | query: select first_name, last_name from employees where emp_no < 100 order by first_name
T@8: | | >PROFILING::set_query_source
T@8: | | <PROFILING::set_query_source
T@8: | | >dispatch_sql_command
T@8: | | | dispatch_sql_command: query: 'select first_name, last_name from employees where emp_no < 100 order by first_name'
T@8: | | | >THD::reset_for_next_command
T@8: | | | | debug: reset_unsafe_rollback_flags
T@8: | | | | >THD::clear_error
T@8: | | | | <THD::clear_error
T@8: | | | | >Diagnostics_area::reset_diagnostics_area
T@8: | | | | <Diagnostics_area::reset_diagnostics_area
T@8: | | | | >THD::reset_current_stmt_binlog_format_row
T@8: | | | | | debug: in_sub_stmt: 0, system_thread: NON_SYSTEM_THREAD
T@8: | | | | | >THD::set_current_stmt_binlog_format_row
T@8: | | | | | <THD::set_current_stmt_binlog_format_row
T@8: | | | | <THD::reset_current_stmt_binlog_format_row
T@8: | | | | >THD::set_trans_pos
T@8: | | | | | return: m_trans_log_file: (null), m_trans_fixed_log_file: (null), m_trans_end_pos: 0
T@8: | | | | <THD::set_trans_pos
T@8: | | | | debug: is_current_stmt_binlog_format_row(): 1
T@8: | | | | >Security_context::checkout_access_maps
T@8: | | | | <Security_context::checkout_access_maps
T@8: | | | <THD::reset_for_next_command
T@8: | | | >lex_start
T@8: | | | | >LEX::new_top_level_query
T@8: | | | | | >LEX::new_query
T@8: | | | | | | outer_field: creating ctx 0x7fff30110770
T@8: | | | | | | outer_field: ctx 0x7fff30110770 <-> SL# 1
T@8: | | | | | <LEX::new_query
T@8: | | | | <LEX::new_top_level_query
T@8: | | | <lex_start
T@8: | | | >Diagnostics_area::reset_diagnostics_area
T@8: | | | <Diagnostics_area::reset_diagnostics_area
T@8: | | | >MEM_ROOT::ClearForReuse
T@8: | | | <MEM_ROOT::ClearForReuse
T@8: | | | >mysql_audit_acquire_plugins
T@8: | | | <mysql_audit_acquire_plugins
T@8: | | | >parse_sql
T@8: | | | | >THD::convert_string
T@8: | | | | <THD::convert_string
T@8: | | | | >THD::convert_string
T@8: | | | | <THD::convert_string
T@8: | | | | >THD::convert_string
T@8: | | | | <THD::convert_string
T@8: | | | | >THD::convert_string
T@8: | | | | <THD::convert_string
T@8: | | | | >THD::convert_string
T@8: | | | | <THD::convert_string
T@8: | | | | >Query_block::add_table_to_list
T@8: | | | | <Query_block::add_table_to_list
T@8: | | | | >Query_block::add_joined_table
T@8: | | | | <Query_block::add_joined_table
T@8: | | | <parse_sql
T@8: | | | >Diagnostics_area::reset_diagnostics_area
T@8: | | | <Diagnostics_area::reset_diagnostics_area
T@8: | | | >MEM_ROOT::ClearForReuse
T@8: | | | <MEM_ROOT::ClearForReuse
T@8: | | | >mysql_audit_acquire_plugins
T@8: | | | <mysql_audit_acquire_plugins
T@8: | | | >mysql_rewrite_query
T@8: | | | <mysql_rewrite_query
T@8: | | | >mysql_audit_acquire_plugins
T@8: | | | <mysql_audit_acquire_plugins
T@8: | | | >resourcegroups::Resource_group_mgr* resourcegroups::Resource_group_mgr::instance
T@8: | | | <resourcegroups::Resource_group_mgr* resourcegroups::Resource_group_mgr::instance
T@8: | | | >mysql_execute_command
T@8: | | | | >Diagnostics_area::reset_diagnostics_area
T@8: | | | | <Diagnostics_area::reset_diagnostics_area
T@8: | | | | >MEM_ROOT::ClearForReuse
T@8: | | | | <MEM_ROOT::ClearForReuse
T@8: | | | | >launch_hook_trans_begin
T@8: | | | | | THD::enter_stage: 'Executing hook on transaction begin.' /opt/src/mysql-server/sql/rpl_handler.cc:1477
T@8: | | | | | >PROFILING::status_change
T@8: | | | | | <PROFILING::status_change
T@8: | | | | | debug: is_empty: 1
T@8: | | | | | THD::enter_stage: 'starting' /opt/src/mysql-server/sql/rpl_handler.cc:1479
T@8: | | | | | >PROFILING::status_change
T@8: | | | | | <PROFILING::status_change
T@8: | | | | <launch_hook_trans_begin
T@8: | | | | >deny_updates_if_read_only_option
T@8: | | | | | >check_readonly
T@8: | | | | | <check_readonly
T@8: | | | | <deny_updates_if_read_only_option
T@8: | | | | >Table_ref*, enum_sql_command, List<set_var_base>*, const char*, size_t, sp_printable*, const CHARSET_INFO*)
T@8: | | | | | >Opt_trace_context::start
T@8: | | | | | | opt: new stmt 0x7fff3000ee60 support_I_S 0
T@8: | | | | | | >Opt_trace_context::purge_stmts
T@8: | | | | | | <Opt_trace_context::purge_stmts
T@8: | | | | | | opt: rc 1048576 max_mem_size 1048576
T@8: | | | | | <Opt_trace_context::start
T@8: | | | | | >{anonymous}::opt_trace_disable_if_no_tables_access
T@8: | | | | | <{anonymous}::opt_trace_disable_if_no_tables_access
T@8: | | | | <Table_ref*, enum_sql_command, List<set_var_base>*, const char*, size_t, sp_printable*, const CHARSET_INFO*)
T@8: | | | | opt: (null): starting struct
T@8: | | | | opt: steps: starting struct
T@8: | | | | >gtid_pre_statement_checks
T@8: | | | | | info: gtid_next->type=0 owned_gtid.{sidno,gno}={0,0}
T@8: | | | | | >stmt_causes_implicit_commit
T@8: | | | | | <stmt_causes_implicit_commit
T@8: | | | | | >is_stmt_taking_table_wr_locks
T@8: | | | | | <is_stmt_taking_table_wr_locks
T@8: | | | | <gtid_pre_statement_checks
T@8: | | | | >check_and_report_require_row_format_violation
T@8: | | | | <check_and_report_require_row_format_violation
T@8: | | | | >run_post_replication_filters_actions
T@8: | | | | <run_post_replication_filters_actions
T@8: | | | | >stmt_causes_implicit_commit
T@8: | | | | <stmt_causes_implicit_commit
T@8: | | | | >gtid_pre_statement_post_implicit_commit_checks
T@8: | | | | | >is_stmt_taking_table_wr_locks
T@8: | | | | | <is_stmt_taking_table_wr_locks
T@8: | | | | | >THD::is_ddl_gtid_compatible
T@8: | | | | | | info: is_binlog_open:1 is_binlog_enabled_for_session:1
T@8: | | | | | | info: is_create_table:0 is_create_temporary_table:0 is_create_table_select:0 is_create_table_atomic:0 is_drop_table:0 is_drop_temporary_table:0 is_in_transaction:0 is_in_sub_statement:0 is_binlog_format_statement:0
T@8: | | | | | <THD::is_ddl_gtid_compatible
T@8: | | | | <gtid_pre_statement_post_implicit_commit_checks
T@8: | | | | >mysql_audit_acquire_plugins
T@8: | | | | <mysql_audit_acquire_plugins
T@8: | | | | >open_temporary_tables
T@8: | | | | | >open_temporary_table
T@8: | | | | | | enter: table: 'employees'.'employees'
T@8: | | | | | <open_temporary_table
T@8: | | | | <open_temporary_tables
T@8: | | | | >bool Sql_cmd_dml::execute
T@8: | | | | | >bool Sql_cmd_dml::prepare
T@8: | | | | | | >check_table_access
T@8: | | | | | | | info: table: employees derived: 0  view: 0
T@8: | | | | | | | >check_access
T@8: | | | | | | | | enter: db: employees  want_access: 1  master_access: 2147483647
T@8: | | | | | | | | THD::enter_stage: 'checking permissions' /opt/src/mysql-server/sql/auth/sql_authorization.cc:2146
T@8: | | | | | | | | >PROFILING::status_change
T@8: | | | | | | | | <PROFILING::status_change
T@8: | | | | | | | | >Security_context::check_access
T@8: | | | | | | | | <Security_context::check_access
T@8: | | | | | | | | >Security_context::check_access
T@8: | | | | | | | | <Security_context::check_access
T@8: | | | | | | | <check_access
T@8: | | | | | | | >check_grant
T@8: | | | | | | | <check_grant
T@8: | | | | | | <check_table_access
T@8: | | | | | | >open_tables_for_query
T@8: | | | | | | | >open_tables
T@8: | | | | | | | | THD::enter_stage: 'Opening tables' /opt/src/mysql-server/sql/sql_base.cc:5797
T@8: | | | | | | | | >PROFILING::status_change
T@8: | | | | | | | | <PROFILING::status_change
T@8: | | | | | | | | >open_and_process_table
T@8: | | | | | | | | | tcache: opening table: 'employees'.'employees'  item: 0x7fff30112218
T@8: | | | | | | | | | >open_table
T@8: | | | | | | | | | | >ha_innobase::update_thd
T@8: | | | | | | | | | | | ha_innobase::update_thd: user_thd: 0x7fff30001050 -> 0x7fff30001050
T@8: | | | | | | | | | | | >innobase_trx_init
T@8: | | | | | | | | | | | <innobase_trx_init
T@8: | | | | | | | | | | <ha_innobase::update_thd
T@8: | | | | | | | | | | >ha_innobase::update_thd
T@8: | | | | | | | | | | | ha_innobase::update_thd: user_thd: 0x7fff30001050 -> 0x7fff30001050
T@8: | | | | | | | | | | | >innobase_trx_init
T@8: | | | | | | | | | | | <innobase_trx_init
T@8: | | | | | | | | | | <ha_innobase::update_thd
T@8: | | | | | | | | | | >void handler::column_bitmaps_signal
T@8: | | | | | | | | | | | info: read_set: 0x7fff300ed4a0  write_set: 0x7fff300ed4b8
T@8: | | | | | | | | | | <void handler::column_bitmaps_signal
T@8: | | | | | | | | | | >ha_innobase::update_thd
T@8: | | | | | | | | | | | ha_innobase::update_thd: user_thd: 0x7fff30001050 -> 0x7fff30001050
T@8: | | | | | | | | | | | >innobase_trx_init
T@8: | | | | | | | | | | | <innobase_trx_init
T@8: | | | | | | | | | | <ha_innobase::update_thd
T@8: | | | | | | | | | <open_table
T@8: | | | | | | | | | >ha_innobase::update_thd
T@8: | | | | | | | | | | ha_innobase::update_thd: user_thd: 0x7fff30001050 -> 0x7fff30001050
T@8: | | | | | | | | | | >innobase_trx_init
T@8: | | | | | | | | | | <innobase_trx_init
T@8: | | | | | | | | | <ha_innobase::update_thd
T@8: | | | | | | | | <open_and_process_table
T@8: | | | | | | | | >mysql_audit_acquire_plugins
T@8: | | | | | | | | <mysql_audit_acquire_plugins
T@8: | | | | | | | | open_tables: returning: 0
T@8: | | | | | | | <open_tables
T@8: | | | | | | <open_tables_for_query
T@8: | | | | | | >Query_block::prepare
T@8: | | | | | | | opt: (null): starting struct
T@8: | | | | | | | opt: join_preparation: starting struct
T@8: | | | | | | | opt: select#: 1
T@8: | | | | | | | opt: steps: starting struct
T@8: | | | | | | | >Query_block::setup_tables
T@8: | | | | | | | <Query_block::setup_tables
T@8: | | | | | | | info: setup_ref_array this 0x7fff301105b8   16 :    0    0    2    8    4    2    0
T@8: | | | | | | | >setup_fields
T@8: | | | | | | | | info: thd->mark_used_columns: 1
T@8: | | | | | | | | >find_field_in_table_ref
T@8: | | | | | | | | | enter: table: 'employees'  field name: 'first_name'  item name: 'first_name'  ref 0x7fff30112008
T@8: | | | | | | | | | >find_field_in_table
T@8: | | | | | | | | | | enter: table: 'employees', field name: 'first_name'
T@8: | | | | | | | | | <find_field_in_table
T@8: | | | | | | | | | >check_column_grant_in_table_ref
T@8: | | | | | | | | | | >check_grant_column
T@8: | | | | | | | | | | | enter: table: employees  want_privilege: 1
T@8: | | | | | | | | | | <check_grant_column
T@8: | | | | | | | | | <check_column_grant_in_table_ref
T@8: | | | | | | | | | >TABLE::mark_column_used
T@8: | | | | | | | | | <TABLE::mark_column_used
T@8: | | | | | | | | <find_field_in_table_ref
T@8: | | | | | | | | >find_field_in_table_ref
T@8: | | | | | | | | | enter: table: 'employees'  field name: 'last_name'  item name: 'last_name'  ref 0x7fff30112010
T@8: | | | | | | | | | >find_field_in_table
T@8: | | | | | | | | | | enter: table: 'employees', field name: 'last_name'
T@8: | | | | | | | | | <find_field_in_table
T@8: | | | | | | | | | >check_column_grant_in_table_ref
T@8: | | | | | | | | | | >check_grant_column
T@8: | | | | | | | | | | | enter: table: employees  want_privilege: 1
T@8: | | | | | | | | | | <check_grant_column
T@8: | | | | | | | | | <check_column_grant_in_table_ref
T@8: | | | | | | | | | >TABLE::mark_column_used
T@8: | | | | | | | | | <TABLE::mark_column_used
T@8: | | | | | | | | <find_field_in_table_ref
T@8: | | | | | | | | info: thd->mark_used_columns: 1
T@8: | | | | | | | <setup_fields
T@8: | | | | | | | >Query_block::setup_conds
T@8: | | | | | | | | info: thd->mark_used_columns: 1
T@8: | | | | | | | | >find_field_in_table_ref
T@8: | | | | | | | | | enter: table: 'employees'  field name: 'emp_no'  item name: 'emp_no'  ref 0x7fff30112e78
T@8: | | | | | | | | | >find_field_in_table
T@8: | | | | | | | | | | enter: table: 'employees', field name: 'emp_no'
T@8: | | | | | | | | | <find_field_in_table
T@8: | | | | | | | | | >check_column_grant_in_table_ref
T@8: | | | | | | | | | | >check_grant_column
T@8: | | | | | | | | | | | enter: table: employees  want_privilege: 1
T@8: | | | | | | | | | | <check_grant_column
T@8: | | | | | | | | | <check_column_grant_in_table_ref
T@8: | | | | | | | | | >TABLE::mark_column_used
T@8: | | | | | | | | | <TABLE::mark_column_used
T@8: | | | | | | | | <find_field_in_table_ref
T@8: | | | | | | | | >bool Item_bool_func2::resolve_type
T@8: | | | | | | | | <bool Item_bool_func2::resolve_type
T@8: | | | | | | | | >Query_block::setup_join_cond
T@8: | | | | | | | | <Query_block::setup_join_cond
T@8: | | | | | | | <Query_block::setup_conds
T@8: | | | | | | | >setup_order
T@8: | | | | | | | <setup_order
T@8: | | | | | | | >Query_block::setup_order_final
T@8: | | | | | | | <Query_block::setup_order_final
T@8: | | | | | | | opt: (null): starting struct
T@8: | | | | | | | opt: (null): ending struct
T@8: | | | | | | | >Query_block::apply_local_transforms
T@8: | | | | | | | | >Query_block::simplify_joins
T@8: | | | | | | | | <Query_block::simplify_joins
T@8: | | | | | | | | >build_bitmap_for_nested_joins
T@8: | | | | | | | | <build_bitmap_for_nested_joins
T@8: | | | | | | | <Query_block::apply_local_transforms
T@8: | | | | | | | opt: steps: ending struct
T@8: | | | | | | | opt: join_preparation: ending struct
T@8: | | | | | | | opt: (null): ending struct
T@8: | | | | | | <Query_block::prepare
T@8: | | | | | <bool Sql_cmd_dml::prepare
T@8: | | | | | THD::enter_stage: 'init' /opt/src/mysql-server/sql/sql_select.cc:772
T@8: | | | | | >PROFILING::status_change
T@8: | | | | | <PROFILING::status_change
T@8: | | | | | >lock_tables
T@8: | | | | | | >mysql_lock_tables
T@8: | | | | | | | >lock_tables_check
T@8: | | | | | | | <lock_tables_check
T@8: | | | | | | | >get_lock_data
T@8: | | | | | | | | info: count 1
T@8: | | | | | | | | >innobase_trx_init
T@8: | | | | | | | | <innobase_trx_init
T@8: | | | | | | | | info: sql_lock->table_count 1 sql_lock->lock_count 0
T@8: | | | | | | | <get_lock_data
T@8: | | | | | | | THD::enter_stage: 'System lock' /opt/src/mysql-server/sql/lock.cc:332
T@8: | | | | | | | >PROFILING::status_change
T@8: | | | | | | | <PROFILING::status_change
T@8: | | | | | | | info: thd->proc_info System lock
T@8: | | | | | | | >lock_external
T@8: | | | | | | | | info: count 1
T@8: | | | | | | | | >handler::ha_external_lock
T@8: | | | | | | | | | >int ha_innobase::external_lock
T@8: | | | | | | | | | | enter: lock_type: 0
T@8: | | | | | | | | | | >ha_innobase::update_thd
T@8: | | | | | | | | | | | ha_innobase::update_thd: user_thd: 0x7fff30001050 -> 0x7fff30001050
T@8: | | | | | | | | | | | >innobase_trx_init
T@8: | | | | | | | | | | | <innobase_trx_init
T@8: | | | | | | | | | | <ha_innobase::update_thd
T@8: | | | | | | | | | | >trans_register_ha
T@8: | | | | | | | | | | | enter: stmt
T@8: | | | | | | | | | | | >Ha_trx_info::register_ha
T@8: | | | | | | | | | | | <Ha_trx_info::register_ha
T@8: | | | | | | | | | | | >Transaction_ctx::set_ha_trx_info
T@8: | | | | | | | | | | | <Transaction_ctx::set_ha_trx_info
T@8: | | | | | | | | | | | >gtid_set_performance_schema_values
T@8: | | | | | | | | | | | <gtid_set_performance_schema_values
T@8: | | | | | | | | | | <trans_register_ha
T@8: | | | | | | | | | <int ha_innobase::external_lock
T@8: | | | | | | | | <handler::ha_external_lock
T@8: | | | | | | | <lock_external
T@8: | | | | | | | >thr_multi_lock
T@8: | | | | | | | | lock: data: 0x7fff30acbf08  count: 0
T@8: | | | | | | | <thr_multi_lock
T@8: | | | | | | <mysql_lock_tables
T@8: | | | | | | >THD::decide_logging_format
T@8: | | | | | | | info: query: select first_name, last_name from employees where emp_no < 100 order by first_name
T@8: | | | | | | | info: variables.binlog_format: 2
T@8: | | | | | | | >Query_tables_list::get_stmt_unsafe_flags
T@8: | | | | | | | <Query_tables_list::get_stmt_unsafe_flags
T@8: | | | | | | | info: lex->get_stmt_unsafe_flags(): 0x0
T@8: | | | | | | | debug: prelocked_mode: LTM_NONE
T@8: | | | | | | | info: table: employees; ha_table_flags: 0x8ffa8c00638496
T@8: | | | | | | | >Query_tables_list::set_stmt_accessed_table
T@8: | | | | | | | <Query_tables_list::set_stmt_accessed_table
T@8: | | | | | | | info: flags_write_all_set: 0xc00000000
T@8: | | | | | | | info: flags_write_some_set: 0x0
T@8: | | | | | | | info: flags_access_some_set: 0x8ffa8c00638496
T@8: | | | | | | | info: multi_write_engine: 0
T@8: | | | | | | | info: multi_access_engine: 0
T@8: | | | | | | | >Query_tables_list::stmt_accessed_table
T@8: | | | | | | | <Query_tables_list::stmt_accessed_table
T@8: | | | | | | | >Query_tables_list::stmt_accessed_table
T@8: | | | | | | | <Query_tables_list::stmt_accessed_table
T@8: | | | | | | | >Query_tables_list::get_stmt_unsafe_flags
T@8: | | | | | | | <Query_tables_list::get_stmt_unsafe_flags
T@8: | | | | | | | >Query_tables_list::stmt_accessed_table
T@8: | | | | | | | <Query_tables_list::stmt_accessed_table
T@8: | | | | | | | >Query_tables_list::stmt_accessed_table
T@8: | | | | | | | <Query_tables_list::stmt_accessed_table
T@8: | | | | | | | >THD::is_dml_gtid_compatible
T@8: | | | | | | | | info: some_non_transactional_table=0 some_transactional_table=0 trans_has_updated_trans_table=0 non_transactional_tables_are_tmp=0 is_current_stmt_binlog_format_row=1
T@8: | | | | | | | <THD::is_dml_gtid_compatible
T@8: | | | | | | | info: decision: logging in ROW format
T@8: | | | | | | <THD::decide_logging_format
T@8: | | | | | <lock_tables
T@8: | | | | | >Query_expression::optimize
T@8: | | | | | | >Query_block::optimize
T@8: | | | | | | | >JOIN::optimize
T@8: | | | | | | | | THD::enter_stage: 'optimizing' /opt/src/mysql-server/sql/sql_optimizer.cc:354
T@8: | | | | | | | | >PROFILING::status_change
T@8: | | | | | | | | <PROFILING::status_change
T@8: | | | | | | | | opt: (null): starting struct
T@8: | | | | | | | | opt: join_optimization: starting struct
T@8: | | | | | | | | opt: select#: 1
T@8: | | | | | | | | opt: steps: starting struct
T@8: | | | | | | | | >count_field_types
T@8: | | | | | | | | <count_field_types
T@8: | | | | | | | | >JOIN::alloc_func_list
T@8: | | | | | | | | <JOIN::alloc_func_list
T@8: | | | | | | | | >optimize_cond
T@8: | | | | | | | | | opt: (null): starting struct
T@8: | | | | | | | | | opt: condition_processing: starting struct
T@8: | | | | | | | | | opt: condition: "WHERE"
T@8: | | | | | | | | | opt: original_condition: "(`employees`.`emp_no` < 100)"
T@8: | | | | | | | | | opt: steps: starting struct
T@8: | | | | | | | | | opt: (null): starting struct
T@8: | | | | | | | | | opt: transformation: "equality_propagation"
T@8: | | | | | | | | | opt: subselect_evaluation: starting struct
T@8: | | | | | | | | | opt: subselect_evaluation: ending struct
T@8: | | | | | | | | | opt: resulting_condition: "(`employees`.`emp_no` < 100)"
T@8: | | | | | | | | | opt: (null): ending struct
T@8: | | | | | | | | | opt: (null): starting struct
T@8: | | | | | | | | | opt: transformation: "constant_propagation"
T@8: | | | | | | | | | opt: subselect_evaluation: starting struct
T@8: | | | | | | | | | opt: subselect_evaluation: ending struct
T@8: | | | | | | | | | opt: resulting_condition: "(`employees`.`emp_no` < 100)"
T@8: | | | | | | | | | opt: (null): ending struct

WHERE:(after const change) 0x7fff30112dd0 (`employees`.`employees`.`emp_no` < 100)
T@8: | | | | | | | | | opt: (null): starting struct
T@8: | | | | | | | | | opt: transformation: "trivial_condition_removal"
T@8: | | | | | | | | | opt: subselect_evaluation: starting struct
T@8: | | | | | | | | | opt: subselect_evaluation: ending struct
T@8: | | | | | | | | | opt: resulting_condition: "(`employees`.`emp_no` < 100)"
T@8: | | | | | | | | | opt: (null): ending struct
T@8: | | | | | | | | | opt: steps: ending struct
T@8: | | | | | | | | | opt: condition_processing: ending struct
T@8: | | | | | | | | | opt: (null): ending struct
T@8: | | | | | | | | <optimize_cond
T@8: | | | | | | | | >get_sort_by_table
T@8: | | | | | | | | | exit: sort by table: 0
T@8: | | | | | | | | <get_sort_by_table
T@8: | | | | | | | | opt: (null): starting struct
T@8: | | | | | | | | opt: substitute_generated_columns: starting struct
T@8: | | | | | | | | opt: substitute_generated_columns: ending struct
T@8: | | | | | | | | opt: (null): ending struct
T@8: | | | | | | | | THD::enter_stage: 'statistics' /opt/src/mysql-server/sql/sql_optimizer.cc:694
T@8: | | | | | | | | >PROFILING::status_change
T@8: | | | | | | | | <PROFILING::status_change
T@8: | | | | | | | | >JOIN::make_join_plan
T@8: | | | | | | | | | >int ha_innobase::info_low
T@8: | | | | | | | | | | >ha_innobase::update_thd
T@8: | | | | | | | | | | | ha_innobase::update_thd: user_thd: 0x7fff30001050 -> 0x7fff30001050
T@8: | | | | | | | | | | | >innobase_trx_init
T@8: | | | | | | | | | | | <innobase_trx_init
T@8: | | | | | | | | | | <ha_innobase::update_thd
T@8: | | | | | | | | | | >dict_index_t* ha_innobase::innobase_get_index
T@8: | | | | | | | | | | <dict_index_t* ha_innobase::innobase_get_index
T@8: | | | | | | | | | <int ha_innobase::info_low
T@8: | | | | | | | | | opt: (null): starting struct
T@8: | | | | | | | | | opt: table_dependencies: starting struct
T@8: | | | | | | | | | opt: (null): starting struct
T@8: | | | | | | | | | opt: table: "`employees`"
T@8: | | | | | | | | | opt: row_may_be_null: 0
T@8: | | | | | | | | | opt: map_bit: 0
T@8: | | | | | | | | | opt: depends_on_map_bits: starting struct
T@8: | | | | | | | | | opt: depends_on_map_bits: ending struct
T@8: | | | | | | | | | opt: (null): ending struct
T@8: | | | | | | | | | opt: table_dependencies: ending struct
T@8: | | | | | | | | | opt: (null): ending struct
T@8: | | | | | | | | | info: add_key_field for field emp_no
T@8: | | | | | | | | | opt: (null): starting struct
T@8: | | | | | | | | | opt: ref_optimizer_key_uses: starting struct
T@8: | | | | | | | | | opt: Key_use array (0 elements)
T@8: | | | | | | | | | opt: ref_optimizer_key_uses: ending struct
T@8: | | | | | | | | | opt: (null): ending struct
T@8: | | | | | | | | | opt: (null): starting struct
T@8: | | | | | | | | | opt: rows_estimation: starting struct
T@8: | | | | | | | | | opt: (null): starting struct
T@8: | | | | | | | | | opt: table: "`employees`"
T@8: | | | | | | | | | >bitmap_init
T@8: | | | | | | | | | <bitmap_init
T@8: | | | | | | | | | >JOIN::make_sum_func_list
T@8: | | | | | | | | | <JOIN::make_sum_func_list
T@8: | | | | | | | | | >bool Item_field::collect_item_field_processor
T@8: | | | | | | | | | | info: emp_no
T@8: | | | | | | | | | | >MEM_ROOT::AllocSlow
T@8: | | | | | | | | | | | enter: root: 0x7fff30003990
T@8: | | | | | | | | | | | >MEM_ROOT::AllocBlock
T@8: | | | | | | | | | | | | >char* PFS_instr_name::str
T@8: | | | | | | | | | | | | <char* PFS_instr_name::str
T@8: | | | | | | | | | | | <MEM_ROOT::AllocBlock
T@8: | | | | | | | | | | <MEM_ROOT::AllocSlow
T@8: | | | | | | | | | <bool Item_field::collect_item_field_processor
T@8: | | | | | | | | | >get_quick_record_count
T@8: | | | | | | | | | | >test_quick_select
T@8: | | | | | | | | | | | enter: keys_to_use: 1  prev_tables: 0  
T@8: | | | | | | | | | | | opt: range_analysis: starting struct
T@8: | | | | | | | | | | | opt: table_scan: starting struct
T@8: | | | | | | | | | | | opt: rows: 276023
T@8: | | | | | | | | | | | opt: cost: 28469.4
T@8: | | | | | | | | | | | opt: table_scan: ending struct
T@8: | | | | | | | | | | | opt: potential_range_indexes: starting struct
T@8: | | | | | | | | | | | opt: (null): starting struct
T@8: | | | | | | | | | | | opt: index: "PRIMARY"
T@8: | | | | | | | | | | | opt: usable: 1
T@8: | | | | | | | | | | | opt: key_parts: starting struct
T@8: | | | | | | | | | | | opt: (null): "emp_no"
T@8: | | | | | | | | | | | opt: key_parts: ending struct
T@8: | | | | | | | | | | | opt: (null): ending struct
T@8: | | | | | | | | | | | opt: potential_range_indexes: ending struct
T@8: | | | | | | | | | | | opt: setup_range_conditions: starting struct
T@8: | | | | | | | | | | | >get_mm_tree
T@8: | | | | | | | | | | | | >get_full_func_mm_tree
T@8: | | | | | | | | | | | | | >get_func_mm_tree
T@8: | | | | | | | | | | | | | | >get_mm_parts
T@8: | | | | | | | | | | | | | | | >MEM_ROOT::AllocSlow
T@8: | | | | | | | | | | | | | | | | enter: root: 0x7fffe03ee780
T@8: | | | | | | | | | | | | | | | | >MEM_ROOT::AllocBlock
T@8: | | | | | | | | | | | | | | | | | >char* PFS_instr_name::str
T@8: | | | | | | | | | | | | | | | | | <char* PFS_instr_name::str
T@8: | | | | | | | | | | | | | | | | <MEM_ROOT::AllocBlock
T@8: | | | | | | | | | | | | | | | <MEM_ROOT::AllocSlow
T@8: | | | | | | | | | | | | | | | >get_mm_leaf
T@8: | | | | | | | | | | | | | | | | >Item::save_in_field_no_warnings
T@8: | | | | | | | | | | | | | | | | | >Item::save_in_field
T@8: | | | | | | | | | | | | | | | | | <Item::save_in_field
T@8: | | | | | | | | | | | | | | | | <Item::save_in_field_no_warnings
T@8: | | | | | | | | | | | | | | | <get_mm_leaf
T@8: | | | | | | | | | | | | | | <get_mm_parts
T@8: | | | | | | | | | | | | | <get_func_mm_tree
T@8: | | | | | | | | | | | | <get_full_func_mm_tree
T@8: | | | | | | | | | | | | info: sel_tree: 0x7fff30ac9b90, type=2, tree_returned->keys[0(0)]: (emp_no < 100)
T@8: | | | | | | | | | | | <get_mm_tree
T@8: | | | | | | | | | | | opt: setup_range_conditions: ending struct
T@8: | | | | | | | | | | | >get_best_group_min_max
T@8: | | | | | | | | | | | | opt: group_index_range: starting struct
T@8: | | | | | | | | | | | | >bitmap_init
T@8: | | | | | | | | | | | | <bitmap_init
T@8: | | | | | | | | | | | | >JOIN::make_sum_func_list
T@8: | | | | | | | | | | | | <JOIN::make_sum_func_list
T@8: | | | | | | | | | | | | opt: chosen: 0
T@8: | | | | | | | | | | | | opt: cause: "not_group_by_or_distinct"
T@8: | | | | | | | | | | | | opt: group_index_range: ending struct
T@8: | | | | | | | | | | | <get_best_group_min_max
T@8: | | | | | | | | | | | >get_best_skip_scan
T@8: | | | | | | | | | | | | opt: skip_scan_range: starting struct
T@8: | | | | | | | | | | | | opt: potential_skip_scan_indexes: starting struct
T@8: | | | | | | | | | | | | opt: (null): starting struct
T@8: | | | | | | | | | | | | opt: index: "PRIMARY"
T@8: | | | | | | | | | | | | opt: usable: 0
T@8: | | | | | | | | | | | | opt: cause: "query_references_nonkey_column"
T@8: | | | | | | | | | | | | opt: (null): ending struct
T@8: | | | | | | | | | | | | opt: potential_skip_scan_indexes: ending struct
T@8: | | | | | | | | | | | | opt: skip_scan_range: ending struct
T@8: | | | | | | | | | | | <get_best_skip_scan
T@8: | | | | | | | | | | | info: sel_tree: 0x7fff30ac9b90, type=2, final_tree->keys[0(0)]: (emp_no < 100)
T@8: | | | | | | | | | | | >bitmap_init
T@8: | | | | | | | | | | | <bitmap_init
T@8: | | | | | | | | | | | opt: analyzing_range_alternatives: starting struct
T@8: | | | | | | | | | | | >get_key_scans_params
T@8: | | | | | | | | | | | | >print_sel_tree
T@8: | | | | | | | | | | | | | info: SEL_TREE: 0x7fff30ac9ac0 (tree scans)  scans: PRIMARY
T@8: | | | | | | | | | | | | <print_sel_tree
T@8: | | | | | | | | | | | | opt: range_scan_alternatives: starting struct
T@8: | | | | | | | | | | | | opt: (null): starting struct
T@8: | | | | | | | | | | | | opt: index: "PRIMARY"
T@8: | | | | | | | | | | | | >check_quick_select
T@8: | | | | | | | | | | | | | >ha_rows ha_innobase::records_in_range
T@8: | | | | | | | | | | | | | | >dict_index_t* ha_innobase::innobase_get_index
T@8: | | | | | | | | | | | | | | <dict_index_t* ha_innobase::innobase_get_index
T@8: | | | | | | | | | | | | | | >my_realpath
T@8: | | | | | | | | | | | | | | | info: executing realpath
T@8: | | | | | | | | | | | | | | <my_realpath
T@8: | | | | | | | | | | | | | | >my_realpath
T@8: | | | | | | | | | | | | | | | info: executing realpath
T@8: | | | | | | | | | | | | | | <my_realpath
T@8: | | | | | | | | | | | | | | ib_buf: read page 2:4 size=16384 unzip=0,sync
T@8: | | | | | | | | | | | | | | ib_buf: read page 2:4
T@8: | | | | | | | | | | | | | | ib_buf: read page 2:5 size=16384 unzip=0,sync
T@8: | | | | | | | | | | | | | | ib_buf: read page 2:1 size=16384 unzip=0,sync
T@8: | | | | | | | | | | | | | | ib_buf: read page 2:1
T@8: | | | | | | | | | | | | | | ib_buf: read page 2:5
T@8: | | | | | | | | | | | | | | >btr_cur_search_to_nth_level
T@8: | | | | | | | | | | | | | | <btr_cur_search_to_nth_level
T@8: | | | | | | | | | | | | | <ha_rows ha_innobase::records_in_range
T@8: | | | | | | | | | | | | | info: Default MRR implementation choosen
T@8: | | | | | | | | | | | | | exit: Records: 1
T@8: | | | | | | | | | | | | <check_quick_select
T@8: | | | | | | | | | | | | opt: ranges: starting struct
T@8: | | | | | | | | | | | | opt: (null): "emp_no < 100"
T@8: | | | | | | | | | | | | opt: ranges: ending struct
T@8: | | | | | | | | | | | | opt: index_dives_for_eq_ranges: 1
T@8: | | | | | | | | | | | | opt: rowid_ordered: 1
T@8: | | | | | | | | | | | | opt: using_mrr: 0
T@8: | | | | | | | | | | | | opt: index_only: 0
T@8: | | | | | | | | | | | | opt: in_memory: 0
T@8: | | | | | | | | | | | | opt: rows: 1
T@8: | | | | | | | | | | | | opt: cost: 1.11
T@8: | | | | | | | | | | | | opt: chosen: 1
T@8: | | | | | | | | | | | | opt: (null): ending struct
T@8: | | | | | | | | | | | | >print_sel_tree
T@8: | | | | | | | | | | | | | info: SEL_TREE: 0x7fff30ac9ac0 (ROR scans)  scans: PRIMARY
T@8: | | | | | | | | | | | | <print_sel_tree
T@8: | | | | | | | | | | | | info: Returning range plan for key PRIMARY, cost 1.11, records 1
T@8: | | | | | | | | | | | | opt: range_scan_alternatives: ending struct
T@8: | | | | | | | | | | | <get_key_scans_params
T@8: | | | | | | | | | | | >get_best_ror_intersect
T@8: | | | | | | | | | | | | opt: analyzing_roworder_intersect: starting struct
T@8: | | | | | | | | | | | | opt: usable: 0
T@8: | | | | | | | | | | | | opt: cause: "too_few_roworder_scans"
T@8: | | | | | | | | | | | | opt: analyzing_roworder_intersect: ending struct
T@8: | | | | | | | | | | | <get_best_ror_intersect
T@8: | | | | | | | | | | | opt: analyzing_range_alternatives: ending struct
T@8: | | | | | | | | | | | opt: chosen_range_access_summary: starting struct
T@8: | | | | | | | | | | | opt: range_access_plan: starting struct
T@8: | | | | | | | | | | | opt: type: "range_scan"
T@8: | | | | | | | | | | | opt: index: "PRIMARY"
T@8: | | | | | | | | | | | opt: rows: 1
T@8: | | | | | | | | | | | opt: ranges: starting struct
T@8: | | | | | | | | | | | opt: (null): "emp_no < 100"
T@8: | | | | | | | | | | | opt: ranges: ending struct
T@8: | | | | | | | | | | | opt: range_access_plan: ending struct
T@8: | | | | | | | | | | | opt: rows_for_plan: 1
T@8: | | | | | | | | | | | opt: cost_for_plan: 1.11
T@8: | | | | | | | | | | | opt: chosen: 1
T@8: | | | | | | | | | | | opt: chosen_range_access_summary: ending struct
T@8: | | | | | | | | | | | >print_quick
quick range select, key PRIMARY, length: 4
  X < 100
other_keys: 0x0:
T@8: | | | | | | | | | | | <print_quick
T@8: | | | | | | | | | | | opt: range_analysis: ending struct
T@8: | | | | | | | | | | <test_quick_select
T@8: | | | | | | | | | | >MEM_ROOT::Clear
T@8: | | | | | | | | | | | enter: root: 0x7fffe03ee780
T@8: | | | | | | | | | | <MEM_ROOT::Clear
T@8: | | | | | | | | | <get_quick_record_count
T@8: | | | | | | | | | opt: (null): ending struct
T@8: | | | | | | | | | opt: rows_estimation: ending struct
T@8: | | | | | | | | | opt: (null): ending struct
T@8: | | | | | | | | | >Optimize_table_order::choose_table_order
T@8: | | | | | | | | | | >Query_block::reset_nj_counters
T@8: | | | | | | | | | | <Query_block::reset_nj_counters
T@8: | | | | | | | | | | opt: (null): starting struct
T@8: | | | | | | | | | | opt: considered_execution_plans: starting struct
T@8: | | | | | | | | | | >bool Item_field::add_field_to_cond_set_processor
T@8: | | | | | | | | | | | info: emp_no
T@8: | | | | | | | | | | <bool Item_field::add_field_to_cond_set_processor
T@8: | | | | | | | | | | >Optimize_table_order::greedy_search
T@8: | | | | | | | | | | | >Optimize_table_order::best_extension_by_limited_search
part_plan; idx: 0  best: DBL_MAX  atime: 0  itime: 0  count: 1
     POSITIONS: 

      BEST_REF: employees(1,276023,1) 
T@8: | | | | | | | | | | | | opt: (null): starting struct
T@8: | | | | | | | | | | | | opt: plan_prefix: starting struct
T@8: | | | | | | | | | | | | opt: plan_prefix: ending struct
T@8: | | | | | | | | | | | | opt: table: "`employees`"
T@8: | | | | | | | | | | | | >Optimize_table_order::best_access_path
T@8: | | | | | | | | | | | | | opt: best_access_path: starting struct
T@8: | | | | | | | | | | | | | opt: considered_access_paths: starting struct
T@8: | | | | | | | | | | | | | opt: (null): starting struct
T@8: | | | | | | | | | | | | | opt: rows_to_scan: 1
T@8: | | | | | | | | | | | | | opt: access_type: "range"
T@8: | | | | | | | | | | | | | opt: range_details: starting struct
T@8: | | | | | | | | | | | | | opt: used_index: "PRIMARY"
T@8: | | | | | | | | | | | | | opt: range_details: ending struct
T@8: | | | | | | | | | | | | | opt: resulting_rows: 1
T@8: | | | | | | | | | | | | | opt: cost: 1.21
T@8: | | | | | | | | | | | | | opt: chosen: 1
T@8: | | | | | | | | | | | | | opt: use_tmp_table: 1
T@8: | | | | | | | | | | | | | opt: (null): ending struct
T@8: | | | | | | | | | | | | | opt: considered_access_paths: ending struct
T@8: | | | | | | | | | | | | | opt: best_access_path: ending struct
T@8: | | | | | | | | | | | | <Optimize_table_order::best_access_path
T@8: | | | | | | | | | | | | opt: condition_filtering_pct: 100
T@8: | | | | | | | | | | | | opt: rows_for_plan: 1
T@8: | | | | | | | | | | | | opt: cost_for_plan: 1.21
T@8: | | | | | | | | | | | | opt: sort_cost: 1
T@8: | | | | | | | | | | | | opt: new_cost_for_plan: 2.21
T@8: | | | | | | | | | | | | opt: chosen: 1
full_plan; idx :1  best: 2.209  accumulated: 2.21  increment: 2.21  count: 1
     POSITIONS: employees 
BEST_POSITIONS: employees 
      BEST_REF: employees(1,276023,1) 
T@8: | | | | | | | | | | | | opt: (null): ending struct
T@8: | | | | | | | | | | | <Optimize_table_order::best_extension_by_limited_search
optimal; idx :1  best: 2.209  accumulated: 0  increment: 0  count: 1
     POSITIONS: employees 
BEST_POSITIONS: employees 
      BEST_REF: employees(1,276023,1) 
T@8: | | | | | | | | | | <Optimize_table_order::greedy_search
T@8: | | | | | | | | | | >Optimize_table_order::fix_semijoin_strategies
T@8: | | | | | | | | | | <Optimize_table_order::fix_semijoin_strategies
T@8: | | | | | | | | | | opt: considered_execution_plans: ending struct
T@8: | | | | | | | | | | opt: (null): ending struct
T@8: | | | | | | | | | <Optimize_table_order::choose_table_order
T@8: | | | | | | | | | >JOIN::get_best_combination
T@8: | | | | | | | | | <JOIN::get_best_combination
T@8: | | | | | | | | <JOIN::make_join_plan

WHERE:(after substitute_best_equal) 0x7fff30112dd0 (`employees`.`employees`.`emp_no` < 100)
T@8: | | | | | | | | >JOIN::init_ref_access
T@8: | | | | | | | | <JOIN::init_ref_access
T@8: | | | | | | | | THD::enter_stage: 'preparing' /opt/src/mysql-server/sql/sql_optimizer.cc:778
T@8: | | | | | | | | >PROFILING::status_change
T@8: | | | | | | | | <PROFILING::status_change
T@8: | | | | | | | | >make_join_query_block
T@8: | | | | | | | | | >add_not_null_conds
T@8: | | | | | | | | | <add_not_null_conds

WHERE:(constants) (nil) 
T@8: | | | | | | | | | opt: (null): starting struct
T@8: | | | | | | | | | opt: attaching_conditions_to_tables: starting struct
T@8: | | | | | | | | | opt: original_condition: "(`employees`.`emp_no` < 100)"
T@8: | | | | | | | | | opt: attached_conditions_computation: starting struct

WHERE:(employees) 0x7fff30112dd0 (`employees`.`employees`.`emp_no` < 100)

WHERE:(employees) 0x7fff30112dd0 (`employees`.`employees`.`emp_no` < 100)
T@8: | | | | | | | | | >JOIN::attach_join_conditions
T@8: | | | | | | | | | <JOIN::attach_join_conditions
T@8: | | | | | | | | | opt: attached_conditions_computation: ending struct
T@8: | | | | | | | | | opt: attached_conditions_summary: starting struct
T@8: | | | | | | | | | opt: (null): starting struct
T@8: | | | | | | | | | opt: table: "`employees`"
T@8: | | | | | | | | | opt: attached: "(`employees`.`emp_no` < 100)"
T@8: | | | | | | | | | opt: (null): ending struct
T@8: | | | | | | | | | opt: attached_conditions_summary: ending struct
T@8: | | | | | | | | | opt: attaching_conditions_to_tables: ending struct
T@8: | | | | | | | | | opt: (null): ending struct
T@8: | | | | | | | | <make_join_query_block
T@8: | | | | | | | | >JOIN::optimize_distinct_group_order
T@8: | | | | | | | | | opt: (null): starting struct
T@8: | | | | | | | | | opt: optimizing_distinct_group_by_order_by: starting struct
T@8: | | | | | | | | | >JOIN::remove_const
T@8: | | | | | | | | | | opt: simplifying_order_by: starting struct
T@8: | | | | | | | | | | opt: original_clause: "`employees`.`first_name`"
T@8: | | | | | | | | | | opt: items: starting struct
T@8: | | | | | | | | | | >JOIN::update_depend_map
T@8: | | | | | | | | | | <JOIN::update_depend_map
T@8: | | | | | | | | | | opt: (null): starting struct
T@8: | | | | | | | | | | opt: item: "`employees`.`first_name`"
T@8: | | | | | | | | | | opt: (null): ending struct
T@8: | | | | | | | | | | exit: simple_order: 1
T@8: | | | | | | | | | | opt: items: ending struct
T@8: | | | | | | | | | | opt: resulting_clause_is_simple: 1
T@8: | | | | | | | | | | opt: resulting_clause: "`employees`.`first_name`"
T@8: | | | | | | | | | | opt: simplifying_order_by: ending struct
T@8: | | | | | | | | | <JOIN::remove_const
T@8: | | | | | | | | | >JOIN::remove_const
T@8: | | | | | | | | | | opt: simplifying_group_by: starting struct
T@8: | | | | | | | | | | opt: original_clause: ""
T@8: | | | | | | | | | | opt: items: starting struct
T@8: | | | | | | | | | | >JOIN::update_depend_map
T@8: | | | | | | | | | | <JOIN::update_depend_map
T@8: | | | | | | | | | | exit: simple_order: 1
T@8: | | | | | | | | | | opt: items: ending struct
T@8: | | | | | | | | | | opt: resulting_clause_is_simple: 1
T@8: | | | | | | | | | | opt: resulting_clause: ""
T@8: | | | | | | | | | | opt: simplifying_group_by: ending struct
T@8: | | | | | | | | | <JOIN::remove_const
T@8: | | | | | | | | | >calc_group_buffer
T@8: | | | | | | | | | <calc_group_buffer
T@8: | | | | | | | | | opt: optimizing_distinct_group_by_order_by: ending struct
T@8: | | | | | | | | | opt: (null): ending struct
T@8: | | | | | | | | <JOIN::optimize_distinct_group_order
T@8: | | | | | | | | >JOIN::replace_index_subquery
T@8: | | | | | | | | <JOIN::replace_index_subquery
T@8: | | | | | | | | >TEST_join

Info about JOIN
employees         type: range    q_keys: 1  refs: 0  key: -1  len: 0
                  quick select used:
                  quick range select, key PRIMARY, length: 4
T@8: | | | | | | | | <TEST_join
T@8: | | | | | | | | >JOIN::test_skip_sort
T@8: | | | | | | | | | >test_if_skip_sort_order
T@8: | | | | | | | | | <test_if_skip_sort_order
T@8: | | | | | | | | <JOIN::test_skip_sort
T@8: | | | | | | | | opt: (null): starting struct
T@8: | | | | | | | | opt: finalizing_table_conditions: starting struct
T@8: | | | | | | | | opt: (null): starting struct
T@8: | | | | | | | | opt: table: "`employees`"
T@8: | | | | | | | | opt: original_table_condition: "(`employees`.`emp_no` < 100)"
T@8: | | | | | | | | >reduce_cond_for_table

WHERE:(cond term) 0x7fff30112dd0 (`employees`.`employees`.`emp_no` < 100)
T@8: | | | | | | | | <reduce_cond_for_table
T@8: | | | | | | | | opt: final_table_condition   : "(`employees`.`emp_no` < 100)"
T@8: | | | | | | | | opt: (null): ending struct
T@8: | | | | | | | | opt: finalizing_table_conditions: ending struct
T@8: | | | | | | | | opt: (null): ending struct
T@8: | | | | | | | | >make_join_readinfo
T@8: | | | | | | | | | opt: (null): starting struct
T@8: | | | | | | | | | opt: refine_plan: starting struct
T@8: | | | | | | | | | >setup_semijoin_dups_elimination
T@8: | | | | | | | | | <setup_semijoin_dups_elimination
T@8: | | | | | | | | | >TABLE::prepare_for_position
T@8: | | | | | | | | | | >void handler::column_bitmaps_signal
T@8: | | | | | | | | | | | info: read_set: 0x7fff300ed4a0  write_set: 0x7fff300ed4b8
T@8: | | | | | | | | | | <void handler::column_bitmaps_signal
T@8: | | | | | | | | | <TABLE::prepare_for_position
T@8: | | | | | | | | | opt: (null): starting struct
T@8: | | | | | | | | | opt: table: "`employees`"
T@8: | | | | | | | | | >QEP_TAB::push_index_cond
T@8: | | | | | | | | | <QEP_TAB::push_index_cond
T@8: | | | | | | | | | opt: (null): ending struct
T@8: | | | | | | | | | opt: refine_plan: ending struct
T@8: | | | | | | | | | opt: (null): ending struct
T@8: | | | | | | | | <make_join_readinfo
T@8: | | | | | | | | opt: (null): starting struct
T@8: | | | | | | | | opt: considering_tmp_tables: starting struct
T@8: | | | | | | | | >JOIN::make_tmp_tables_info
T@8: | | | | | | | | | info: Sorting for send_result_set_metadata
T@8: | | | | | | | | | info: Sorting for order by/group by
T@8: | | | | | | | | | >JOIN::add_sorting_to_table
T@8: | | | | | | | | | | >Filesort::make_sortorder
T@8: | | | | | | | | | | <Filesort::make_sortorder
T@8: | | | | | | | | | | opt: filesort: starting struct
T@8: | | | | | | | | | | opt: adding_sort_to_table: "employees"
T@8: | | | | | | | | | | opt: filesort: ending struct
T@8: | | | | | | | | | <JOIN::add_sorting_to_table
T@8: | | | | | | | | | >JOIN::get_end_select_func
T@8: | | | | | | | | | | info: Using end_send
T@8: | | | | | | | | | <JOIN::get_end_select_func
T@8: | | | | | | | | <JOIN::make_tmp_tables_info
T@8: | | | | | | | | opt: considering_tmp_tables: ending struct
T@8: | | | | | | | | opt: (null): ending struct
T@8: | | | | | | | | >count_field_types
T@8: | | | | | | | | <count_field_types
T@8: | | | | | | | | info: addon_field emp_no max_length 4
T@8: | | | | | | | | info: addon_field first_name max_length 57
T@8: | | | | | | | | info: addon_field last_name max_length 65
T@8: | | | | | | | | info: addon_length: 126
T@8: | | | | | | | | >JOIN::push_to_engines
T@8: | | | | | | | | <JOIN::push_to_engines
T@8: | | | | | | | | opt: steps: ending struct
T@8: | | | | | | | | opt: join_optimization: ending struct
T@8: | | | | | | | | opt: (null): ending struct
T@8: | | | | | | | <JOIN::optimize
T@8: | | | | | | <Query_block::optimize
T@8: | | | | | | >TABLE*, ha_rows*, double, uint, bool, bool, MEM_ROOT*, uint, uint, Bounds_checked_array<QUICK_RANGE*>)
T@8: | | | | | | <TABLE*, ha_rows*, double, uint, bool, bool, MEM_ROOT*, uint, uint, Bounds_checked_array<QUICK_RANGE*>)
T@8: | | | | | <Query_expression::optimize
T@8: | | | | | >Query_expression::execute
T@8: | | | | | | THD::enter_stage: 'executing' /opt/src/mysql-server/sql/sql_union.cc:1670
T@8: | | | | | | >PROFILING::status_change
T@8: | | | | | | <PROFILING::status_change
T@8: | | | | | | opt: (null): starting struct
T@8: | | | | | | opt: join_execution: starting struct
T@8: | | | | | | opt: select#: 1
T@8: | | | | | | opt: steps: starting struct
T@8: | | | | | | >THD::send_result_metadata
T@8: | | | | | | | >bool Protocol_classic::start_result_metadata
T@8: | | | | | | | | info: num_cols 2, flags 5
T@8: | | | | | | | | net write: Memory: 0x7fffe03eed0f  Bytes: (1)
02 
T@8: | | | | | | | | >vio_is_blocking
T@8: | | | | | | | | <vio_is_blocking
T@8: | | | | | | | | >net_write_buff
T@8: | | | | | | | | <net_write_buff
T@8: | | | | | | | | >net_write_buff
T@8: | | | | | | | | <net_write_buff
T@8: | | | | | | | <bool Protocol_classic::start_result_metadata
T@8: | | | | | | | >bool Protocol_classic::send_field_metadata
T@8: | | | | | | | <bool Protocol_classic::send_field_metadata
T@8: | | | | | | | >bool Protocol_classic::end_row
T@8: | | | | | | | | net write: Memory: 0x7fff30011b60  Bytes: (69)
03 64 65 66 09 65 6D 70 6C 6F 79 65 65 73 09 65 6D 70 6C 6F 79 65 65 73 09 65 
6D 70 6C 6F 79 65 65 73 0A 66 69 72 73 74 5F 6E 61 6D 65 0A 66 69 72 73 74 5F 
6E 61 6D 65 0C FF 00 38 00 00 00 FD 01 10 00 00 00 
T@8: | | | | | | | | >vio_is_blocking
T@8: | | | | | | | | <vio_is_blocking
T@8: | | | | | | | | >net_write_buff
T@8: | | | | | | | | <net_write_buff
T@8: | | | | | | | | >net_write_buff
T@8: | | | | | | | | <net_write_buff
T@8: | | | | | | | <bool Protocol_classic::end_row
T@8: | | | | | | | >bool Protocol_classic::send_field_metadata
T@8: | | | | | | | <bool Protocol_classic::send_field_metadata
T@8: | | | | | | | >bool Protocol_classic::end_row
T@8: | | | | | | | | net write: Memory: 0x7fff30011b60  Bytes: (67)
03 64 65 66 09 65 6D 70 6C 6F 79 65 65 73 09 65 6D 70 6C 6F 79 65 65 73 09 65 
6D 70 6C 6F 79 65 65 73 09 6C 61 73 74 5F 6E 61 6D 65 09 6C 61 73 74 5F 6E 61 
6D 65 0C FF 00 40 00 00 00 FD 01 10 00 00 00 
T@8: | | | | | | | | >vio_is_blocking
T@8: | | | | | | | | <vio_is_blocking
T@8: | | | | | | | | >net_write_buff
T@8: | | | | | | | | <net_write_buff
T@8: | | | | | | | | >net_write_buff
T@8: | | | | | | | | <net_write_buff
T@8: | | | | | | | <bool Protocol_classic::end_row
T@8: | | | | | | | >bool Protocol_classic::end_result_metadata
T@8: | | | | | | | | info: num_cols 2, flags 5
T@8: | | | | | | | <bool Protocol_classic::end_result_metadata
T@8: | | | | | | <THD::send_result_metadata
T@8: | | | | | | >char* PFS_instr_name::str
T@8: | | | | | | <char* PFS_instr_name::str
T@8: | | | | | | >filesort
T@8: | | | | | | | >bitmap_init
T@8: | | | | | | | <bitmap_init
T@8: | | | | | | | >InitIndexRangeScan
T@8: | | | | | | | | >handler::ha_index_init
T@8: | | | | | | | | | >int ha_innobase::index_init
T@8: | | | | | | | | | | >ha_innobase::change_active_index
T@8: | | | | | | | | | | | >dict_index_t* ha_innobase::innobase_get_index
T@8: | | | | | | | | | | | <dict_index_t* ha_innobase::innobase_get_index
T@8: | | | | | | | | | | <ha_innobase::change_active_index
T@8: | | | | | | | | | <int ha_innobase::index_init
T@8: | | | | | | | | <handler::ha_index_init
T@8: | | | | | | | <InitIndexRangeScan
T@8: | | | | | | | >DsMrr_impl::dsmrr_init
T@8: | | | | | | | | >int handler::multi_range_read_init
T@8: | | | | | | | | <int handler::multi_range_read_init
T@8: | | | | | | | <DsMrr_impl::dsmrr_init
T@8: | | | | | | | opt: (null): starting struct
T@8: | | | | | | | opt: sorting_table: "employees"
T@8: | | | | | | | opt: filesort_information: starting struct
T@8: | | | | | | | opt: (null): starting struct
T@8: | | | | | | | opt: direction: "asc"
T@8: | | | | | | | opt: expression: "`employees`.`first_name`"
T@8: | | | | | | | opt: (null): ending struct
T@8: | | | | | | | opt: filesort_information: ending struct
T@8: | | | | | | | info: sort_length: 228
T@8: | | | | | | | >check_if_pq_applicable
T@8: | | | | | | | | opt: filesort_priority_queue_optimization: starting struct
T@8: | | | | | | | | opt: usable: 0
T@8: | | | | | | | | opt: cause: "not applicable (no LIMIT)"
T@8: | | | | | | | | opt: filesort_priority_queue_optimization: ending struct
T@8: | | | | | | | <check_if_pq_applicable
T@8: | | | | | | | info: filesort PQ is not applicable
T@8: | | | | | | | opt: filesort_execution: starting struct
T@8: | | | | | | | >read_all_rows
T@8: | | | | | | | | >int IndexRangeScanIterator::Read
T@8: | | | | | | | | | >handler::ha_multi_range_read_next
T@8: | | | | | | | | | | >int handler::multi_range_read_next
T@8: | | | | | | | | | | | >int handler::read_range_first
T@8: | | | | | | | | | | | | >handler::ha_index_first
T@8: | | | | | | | | | | | | | >int ha_innobase::index_first
T@8: | | | | | | | | | | | | | | >int ha_innobase::index_read
T@8: | | | | | | | | | | | | | | | >row_search_mvcc
T@8: | | | | | | | | | | | | | | | | >row_sel_store_mysql_rec
T@8: | | | | | | | | | | | | | | | | | >row_sel_store_mysql_field
T@8: | | | | | | | | | | | | | | | | | <row_sel_store_mysql_field
T@8: | | | | | | | | | | | | | | | | | >row_sel_store_mysql_field
T@8: | | | | | | | | | | | | | | | | | <row_sel_store_mysql_field
T@8: | | | | | | | | | | | | | | | | | >row_sel_store_mysql_field
T@8: | | | | | | | | | | | | | | | | | <row_sel_store_mysql_field
T@8: | | | | | | | | | | | | | | | | <row_sel_store_mysql_rec
T@8: | | | | | | | | | | | | | | | <row_search_mvcc
T@8: | | | | | | | | | | | | | | <int ha_innobase::index_read
T@8: | | | | | | | | | | | | | <int ha_innobase::index_first
T@8: | | | | | | | | | | | | <handler::ha_index_first
T@8: | | | | | | | | | | | | >void ha_innobase::unlock_row
T@8: | | | | | | | | | | | | <void ha_innobase::unlock_row
T@8: | | | | | | | | | | | <int handler::read_range_first
T@8: | | | | | | | | | | | exit: handler::multi_range_read_next result 137
T@8: | | | | | | | | | | <int handler::multi_range_read_next
T@8: | | | | | | | | | <handler::ha_multi_range_read_next
T@8: | | | | | | | | <int IndexRangeScanIterator::Read
T@8: | | | | | | | | test: error: -1  num_written_chunks: 0
T@8: | | | | | | | | info: read_all_rows return 0
T@8: | | | | | | | <read_all_rows
T@8: | | | | | | | opt: filesort_execution: ending struct
T@8: | | | | | | | >save_index
T@8: | | | | | | | <save_index
T@8: | | | | | | | opt: filesort_summary: starting struct
T@8: | | | | | | | opt: memory_available: 262144
T@8: | | | | | | | opt: key_size: 232
T@8: | | | | | | | opt: row_size: 362
T@8: | | | | | | | opt: max_rows_per_buffer: 15
T@8: | | | | | | | opt: num_rows_estimate: 15
T@8: | | | | | | | opt: num_rows_found: 0
T@8: | | | | | | | opt: num_initial_chunks_spilled_to_disk: 0
T@8: | | | | | | | opt: peak_memory_used: 0
T@8: | | | | | | | opt: sort_algorithm: "none"
T@8: | | | | | | | opt: sort_mode: "<varlen_sort_key, packed_additional_fields>"
T@8: | | | | | | | opt: filesort_summary: ending struct
T@8: | | | | | | | >close_cached_file
T@8: | | | | | | | <close_cached_file
T@8: | | | | | | | >close_cached_file
T@8: | | | | | | | <close_cached_file
T@8: | | | | | | | opt: (null): ending struct
T@8: | | | | | | <filesort
T@8: | | | | | | info: using SortBufferIterator
T@8: | | | | | | >JOIN::join_free
T@8: | | | | | | | >JOIN::cleanup
T@8: | | | | | | | | >handler::ha_index_end
T@8: | | | | | | | | | >int ha_innobase::index_end
T@8: | | | | | | | | | | >DsMrr_impl::dsmrr_close
T@8: | | | | | | | | | | <DsMrr_impl::dsmrr_close
T@8: | | | | | | | | | <int ha_innobase::index_end
T@8: | | | | | | | | <handler::ha_index_end
T@8: | | | | | | | | >free_io_cache
T@8: | | | | | | | | <free_io_cache
T@8: | | | | | | | | >filesort_free_buffers
T@8: | | | | | | | | <filesort_free_buffers
T@8: | | | | | | | <JOIN::cleanup
T@8: | | | | | | | >mysql_unlock_read_tables
T@8: | | | | | | | | >unlock_external
T@8: | | | | | | | | | >handler::ha_external_lock
T@8: | | | | | | | | | | >int ha_innobase::external_lock
T@8: | | | | | | | | | | | enter: lock_type: 2
T@8: | | | | | | | | | | | >ha_innobase::update_thd
T@8: | | | | | | | | | | | | ha_innobase::update_thd: user_thd: 0x7fff30001050 -> 0x7fff30001050
T@8: | | | | | | | | | | | | >innobase_trx_init
T@8: | | | | | | | | | | | | <innobase_trx_init
T@8: | | | | | | | | | | | <ha_innobase::update_thd
T@8: | | | | | | | | | | | >innobase_commit
T@8: | | | | | | | | | | | | trans: ending transaction
T@8: | | | | | | | | | | | | >innobase_trx_init
T@8: | | | | | | | | | | | | <innobase_trx_init
T@8: | | | | | | | | | | | <innobase_commit
T@8: | | | | | | | | | | <int ha_innobase::external_lock
T@8: | | | | | | | | | <handler::ha_external_lock
T@8: | | | | | | | | <unlock_external
T@8: | | | | | | | <mysql_unlock_read_tables
T@8: | | | | | | <JOIN::join_free
T@8: | | | | | | >Diagnostics_area::set_eof_status
T@8: | | | | | | <Diagnostics_area::set_eof_status
T@8: | | | | | | opt: steps: ending struct
T@8: | | | | | | opt: join_execution: ending struct
T@8: | | | | | | opt: (null): ending struct
T@8: | | | | | <Query_expression::execute
T@8: | | | | | THD::enter_stage: 'end' /opt/src/mysql-server/sql/sql_select.cc:805
T@8: | | | | | >PROFILING::status_change
T@8: | | | | | <PROFILING::status_change
T@8: | | | | | >Query_expression::cleanup
T@8: | | | | | | >JOIN::cleanup
T@8: | | | | | | | >free_io_cache
T@8: | | | | | | | <free_io_cache
T@8: | | | | | | | >filesort_free_buffers
T@8: | | | | | | | <filesort_free_buffers
T@8: | | | | | | <JOIN::cleanup
T@8: | | | | | <Query_expression::cleanup
T@8: | | | | <bool Sql_cmd_dml::execute
T@8: | | | | THD::enter_stage: 'query end' /opt/src/mysql-server/sql/sql_parse.cc:4881
T@8: | | | | >PROFILING::status_change
T@8: | | | | <PROFILING::status_change
T@8: | | | | >mysql_audit_acquire_plugins
T@8: | | | | <mysql_audit_acquire_plugins
T@8: | | | | >trans_commit_stmt
T@8: | | | | | debug: add_unsafe_rollback_flags: 0
T@8: | | | | | THD::enter_stage: 'waiting for handler commit' /opt/src/mysql-server/sql/handler.cc:1610
T@8: | | | | | >PROFILING::status_change
T@8: | | | | | <PROFILING::status_change
T@8: | | | | | >bool> commit_owned_gtids
T@8: | | | | | | >THD::is_low_level_commit_ordering_enabled
T@8: | | | | | | <THD::is_low_level_commit_ordering_enabled
T@8: | | | | | <bool> commit_owned_gtids
T@8: | | | | | >ha_commit_trans
T@8: | | | | | | info: all=0 thd->in_sub_stmt=0 ha_info=0x7fff30002a18 is_real_trans=1
T@8: | | | | | | >TC_LOG::enum_result MYSQL_BIN_LOG::commit
T@8: | | | | | | | info: query='select first_name, last_name from employees where emp_no < 100 order by first_name'
T@8: | | | | | | | enter: thd: 0x7fff30001050, all: no, xid: 17, cache_mngr: 0x0
T@8: | | | | | | | >MYSQL_BIN_LOG::is_current_stmt_binlog_enabled_and_caches_empty
T@8: | | | | | | | <MYSQL_BIN_LOG::is_current_stmt_binlog_enabled_and_caches_empty
T@8: | | | | | | | >THD::enable_low_level_commit_ordering
T@8: | | | | | | | <THD::enable_low_level_commit_ordering
T@8: | | | | | | | >ha_commit_low
T@8: | | | | | | | | >THD::is_low_level_commit_ordering_enabled
T@8: | | | | | | | | <THD::is_low_level_commit_ordering_enabled
T@8: | | | | | | | | >bool Commit_order_manager::wait
T@8: | | | | | | | | <bool Commit_order_manager::wait
T@8: | | | | | | | | >innobase_commit
T@8: | | | | | | | | | trans: ending transaction
T@8: | | | | | | | | | >innobase_trx_init
T@8: | | | | | | | | | <innobase_trx_init
T@8: | | | | | | | | <innobase_commit
T@8: | | | | | | | | >Ha_trx_info::reset
T@8: | | | | | | | | <Ha_trx_info::reset
T@8: | | | | | | | | >Transaction_ctx::reset_scope
T@8: | | | | | | | | <Transaction_ctx::reset_scope
T@8: | | | | | | | | >void Commit_order_manager::wait_and_finish
T@8: | | | | | | | | <void Commit_order_manager::wait_and_finish
T@8: | | | | | | | <ha_commit_low
T@8: | | | | | | | >THD::disable_low_level_commit_ordering
T@8: | | | | | | | <THD::disable_low_level_commit_ordering
T@8: | | | | | | <TC_LOG::enum_result MYSQL_BIN_LOG::commit
T@8: | | | | | | >Transaction_ctx::cleanup
T@8: | | | | | | | >Rpl_transaction_ctx::cleanup
T@8: | | | | | | | <Rpl_transaction_ctx::cleanup
T@8: | | | | | | | >Rpl_transaction_write_set_ctx::reset_state
T@8: | | | | | | | | >Rpl_transaction_write_set_ctx::clear_write_set
T@8: | | | | | | | | <Rpl_transaction_write_set_ctx::clear_write_set
T@8: | | | | | | | <Rpl_transaction_write_set_ctx::reset_state
T@8: | | | | | | | >MEM_ROOT::ClearForReuse
T@8: | | | | | | | <MEM_ROOT::ClearForReuse
T@8: | | | | | | <Transaction_ctx::cleanup
T@8: | | | | | <ha_commit_trans
T@8: | | | | | >bool Session_consistency_gtids_ctx::notify_after_transaction_commit
T@8: | | | | | <bool Session_consistency_gtids_ctx::notify_after_transaction_commit
T@8: | | | | | debug: reset_unsafe_rollback_flags
T@8: | | | | <trans_commit_stmt
T@8: | | | | >Query_expression::cleanup
T@8: | | | | | >close_cached_file
T@8: | | | | | <close_cached_file
T@8: | | | | | >IndexRangeScanIterator::~IndexRangeScanIterator
T@8: | | | | | <IndexRangeScanIterator::~IndexRangeScanIterator
T@8: | | | | | >free_io_cache
T@8: | | | | | <free_io_cache
T@8: | | | | | >filesort_free_buffers
T@8: | | | | | <filesort_free_buffers
T@8: | | | | <Query_expression::cleanup
T@8: | | | | THD::enter_stage: 'closing tables' /opt/src/mysql-server/sql/sql_parse.cc:4944
T@8: | | | | >PROFILING::status_change
T@8: | | | | <PROFILING::status_change
T@8: | | | | >close_thread_tables
T@8: | | | | | tcache: table: 'employees'  query_id: 0
T@8: | | | | | >ha_innobase::update_thd
T@8: | | | | | | ha_innobase::update_thd: user_thd: 0x7fff30001050 -> 0x7fff30001050
T@8: | | | | | | >innobase_trx_init
T@8: | | | | | | <innobase_trx_init
T@8: | | | | | <ha_innobase::update_thd
T@8: | | | | | >TABLE::cleanup_partial_update
T@8: | | | | | <TABLE::cleanup_partial_update
T@8: | | | | | >THD::binlog_flush_pending_rows_event
T@8: | | | | | <THD::binlog_flush_pending_rows_event
T@8: | | | | | >THD::binlog_flush_pending_rows_event
T@8: | | | | | <THD::binlog_flush_pending_rows_event
T@8: | | | | | >mysql_unlock_tables
T@8: | | | | | <mysql_unlock_tables
T@8: | | | | | info: thd->open_tables: 0x7fff300ed330
T@8: | | | | | >close_thread_table
T@8: | | | | | | >ha_innobase::update_thd
T@8: | | | | | | | ha_innobase::update_thd: user_thd: 0x7fff30001050 -> 0x7fff30001050
T@8: | | | | | | | >innobase_trx_init
T@8: | | | | | | | <innobase_trx_init
T@8: | | | | | | <ha_innobase::update_thd
T@8: | | | | | | >handler::ha_reset
T@8: | | | | | | | >free_io_cache
T@8: | | | | | | | <free_io_cache
T@8: | | | | | | | >ha_innobase::update_thd
T@8: | | | | | | | | ha_innobase::update_thd: user_thd: 0x7fff30001050 -> 0x7fff30001050
T@8: | | | | | | | | >innobase_trx_init
T@8: | | | | | | | | <innobase_trx_init
T@8: | | | | | | | <ha_innobase::update_thd
T@8: | | | | | | | >ha_innobase::update_thd
T@8: | | | | | | | | ha_innobase::update_thd: user_thd: 0x7fff30001050 -> 0x7fff30001050
T@8: | | | | | | | | >innobase_trx_init
T@8: | | | | | | | | <innobase_trx_init
T@8: | | | | | | | <ha_innobase::update_thd
T@8: | | | | | | | >DsMrr_impl::reset
T@8: | | | | | | | <DsMrr_impl::reset
T@8: | | | | | | <handler::ha_reset
T@8: | | | | | <close_thread_table
T@8: | | | | <close_thread_tables
T@8: | | | | >THD::rollback_item_tree_changes
T@8: | | | | <THD::rollback_item_tree_changes
T@8: | | | | >stmt_causes_implicit_commit
T@8: | | | | <stmt_causes_implicit_commit
T@8: | | | | >MDL_context::release_transactional_locks
T@8: | | | | | >MDL_context::release_locks_stored_before
T@8: | | | | | <MDL_context::release_locks_stored_before
T@8: | | | | | >MDL_context::release_locks_stored_before
T@8: | | | | | | info: found lock to release ticket=0x7fff30110020
T@8: | | | | | | >MDL_context::release_lock
T@8: | | | | | | | enter: db=employees name=employees
T@8: | | | | | | <MDL_context::release_lock
T@8: | | | | | <MDL_context::release_locks_stored_before
T@8: | | | | <MDL_context::release_transactional_locks
T@8: | | | | >binlog_gtid_end_transaction
T@8: | | | | | >stmt_causes_implicit_commit
T@8: | | | | | <stmt_causes_implicit_commit
T@8: | | | | <binlog_gtid_end_transaction
T@8: | | | | opt: steps: ending struct
T@8: | | | | opt: (null): ending struct
T@8: | | | | >Opt_trace_start::~Opt_trace_start
Complete optimizer trace:
T@8: | | | | | >Opt_trace_context::purge_stmts
T@8: | | | | | <Opt_trace_context::purge_stmts
T@8: | | | | <Opt_trace_start::~Opt_trace_start
T@8: | | | <mysql_execute_command
T@8: | | | THD::enter_stage: 'freeing items' /opt/src/mysql-server/sql/sql_parse.cc:5413
T@8: | | | >PROFILING::status_change
T@8: | | | <PROFILING::status_change
T@8: | | | >THD::end_statement
T@8: | | | | >lex_end
T@8: | | | | | enter: lex: 0x7fff300045a0
T@8: | | | | | >plugin_unlock_list
T@8: | | | | | | >intern_plugin_unlock
T@8: | | | | | | | info: unlocking plugin, name= InnoDB, ref_count= 89
T@8: | | | | | | <intern_plugin_unlock
T@8: | | | | | | >intern_plugin_unlock
T@8: | | | | | | | info: unlocking plugin, name= InnoDB, ref_count= 88
T@8: | | | | | | <intern_plugin_unlock
T@8: | | | | | | >intern_plugin_unlock
T@8: | | | | | | | info: unlocking plugin, name= InnoDB, ref_count= 87
T@8: | | | | | | <intern_plugin_unlock
T@8: | | | | | | >intern_plugin_unlock
T@8: | | | | | | | info: unlocking plugin, name= InnoDB, ref_count= 86
T@8: | | | | | | <intern_plugin_unlock
T@8: | | | | | | >intern_plugin_unlock
T@8: | | | | | | | info: unlocking plugin, name= InnoDB, ref_count= 85
T@8: | | | | | | <intern_plugin_unlock
T@8: | | | | | | >intern_plugin_unlock
T@8: | | | | | | | info: unlocking plugin, name= InnoDB, ref_count= 84
T@8: | | | | | | <intern_plugin_unlock
T@8: | | | | | | >intern_plugin_unlock
T@8: | | | | | | | info: unlocking plugin, name= InnoDB, ref_count= 83
T@8: | | | | | | <intern_plugin_unlock
T@8: | | | | | | >intern_plugin_unlock
T@8: | | | | | | | info: unlocking plugin, name= InnoDB, ref_count= 82
T@8: | | | | | | <intern_plugin_unlock
T@8: | | | | | | >intern_plugin_unlock
T@8: | | | | | | | info: unlocking plugin, name= InnoDB, ref_count= 81
T@8: | | | | | | <intern_plugin_unlock
T@8: | | | | | | >intern_plugin_unlock
T@8: | | | | | | | info: unlocking plugin, name= InnoDB, ref_count= 80
T@8: | | | | | | <intern_plugin_unlock
T@8: | | | | | | >intern_plugin_unlock
T@8: | | | | | | | info: unlocking plugin, name= InnoDB, ref_count= 79
T@8: | | | | | | <intern_plugin_unlock
T@8: | | | | | <plugin_unlock_list
T@8: | | | | <lex_end
T@8: | | | <THD::end_statement
T@8: | | | >cleanup_items
T@8: | | | | >void Item_field::cleanup
T@8: | | | | <void Item_field::cleanup
T@8: | | | | >void Item_result_field::cleanup
T@8: | | | | <void Item_result_field::cleanup
T@8: | | | | >void Item_field::cleanup
T@8: | | | | <void Item_field::cleanup
T@8: | | | | >void Item_field::cleanup
T@8: | | | | <void Item_field::cleanup
T@8: | | | | >void Item_field::cleanup
T@8: | | | | <void Item_field::cleanup
T@8: | | | <cleanup_items
T@8: | | | >Query_arena::free_items
T@8: | | | <Query_arena::free_items
T@8: | | <dispatch_sql_command
T@8: | | info: query ready
T@8: | | >THD::send_statement_status
T@8: | | | >bool Protocol_classic::send_eof
T@8: | | | | >net_send_ok
T@8: | | | | | info: affected_rows: 0  id: 0  status: 2  warning_count: 0
T@8: | | | | | net write: Memory: 0x7fffe03f04d0  Bytes: (7)
FE 00 00 02 00 00 00 
T@8: | | | | | >vio_is_blocking
T@8: | | | | | <vio_is_blocking
T@8: | | | | | >net_write_buff
T@8: | | | | | <net_write_buff
T@8: | | | | | >net_write_buff
T@8: | | | | | <net_write_buff
T@8: | | | | | >net_flush
T@8: | | | | | | >net_write_packet
T@8: | | | | | | | >vio_write
T@8: | | | | | | | <vio_write
T@8: | | | | | | <net_write_packet
T@8: | | | | | <net_flush
T@8: | | | | | info: OK sent, so no more error sending allowed
T@8: | | | | <net_send_ok
T@8: | | | <bool Protocol_classic::send_eof
T@8: | | <THD::send_statement_status
T@8: | | >bool Session_consistency_gtids_ctx::notify_after_response_packet
T@8: | | <bool Session_consistency_gtids_ctx::notify_after_response_packet
T@8: | | >mysql_audit_acquire_plugins
T@8: | | <mysql_audit_acquire_plugins
T@8: | | >mysql_audit_acquire_plugins
T@8: | | <mysql_audit_acquire_plugins
T@8: | | >mysql_audit_acquire_plugins
T@8: | | <mysql_audit_acquire_plugins
T@8: | | >log_slow_applicable
T@8: | | <log_slow_applicable
T@8: | | THD::enter_stage: 'cleaning up' /opt/src/mysql-server/sql/sql_parse.cc:2489
T@8: | | >PROFILING::status_change
T@8: | | <PROFILING::status_change
T@8: | | >MEM_ROOT::Clear
T@8: | | | enter: root: 0x7fff30003990
T@8: | | <MEM_ROOT::Clear
T@8: | | >PROFILING::finish_current_query
T@8: | | <PROFILING::finish_current_query
T@8: | <dispatch_command
T@8: <do_command
T@8: >do_command
T@8: | >THD::clear_error
T@8: | <THD::clear_error
T@8: | >Diagnostics_area::reset_diagnostics_area
T@8: | <Diagnostics_area::reset_diagnostics_area
T@8: | >my_net_set_read_timeout
T@8: | | enter: timeout: 28800
T@8: | | >vio_socket_timeout
T@8: | | <vio_socket_timeout
T@8: | <my_net_set_read_timeout
T@8: | >vio_is_blocking
T@8: | <vio_is_blocking
T@8: | >net_read_raw_loop
T@8: | | >vio_read
T@8: | | | >vio_is_blocking
T@8: | | | <vio_is_blocking
T@8: | | | >vio_io_wait
