T@10: | >dispatch_command
T@10: | | info: command: 3
T@10: | | >PROFILING::start_new_query
T@10: | | <PROFILING::start_new_query
T@10: | | >mysql_audit_acquire_plugins
T@10: | | <mysql_audit_acquire_plugins
T@10: | | >alloc_query
T@10: | | | thd_query: thd->thread_id():10 thd:0x7fff300ac3d0 query:select
  emp_no,
  first_name,
  birth_date,
  ceil(datediff(current_date, birth_date) / 365) as age
from
  employees
where
  emp_no < 10010
T@10: | | <alloc_query
T@10: | | query: select
  emp_no,
  first_name,
  birth_date,
  ceil(datediff(current_date, birth_date) / 365) as age
from
  employees
where
  emp_no < 10010
T@10: | | >PROFILING::set_query_source
T@10: | | <PROFILING::set_query_source
T@10: | | >dispatch_sql_command
T@10: | | | dispatch_sql_command: query: 'select
  emp_no,
  first_name,
  birth_date,
  ceil(datediff(current_date, birth_date) / 365) as age
from
  employees
where
  emp_no < 10010'
T@10: | | | >THD::reset_for_next_command
T@10: | | | | debug: reset_unsafe_rollback_flags
T@10: | | | | >THD::clear_error
T@10: | | | | <THD::clear_error
T@10: | | | | >Diagnostics_area::reset_diagnostics_area
T@10: | | | | <Diagnostics_area::reset_diagnostics_area
T@10: | | | | >THD::reset_current_stmt_binlog_format_row
T@10: | | | | | debug: in_sub_stmt: 0, system_thread: NON_SYSTEM_THREAD
T@10: | | | | | >THD::set_current_stmt_binlog_format_row
T@10: | | | | | <THD::set_current_stmt_binlog_format_row
T@10: | | | | <THD::reset_current_stmt_binlog_format_row
T@10: | | | | >THD::set_trans_pos
T@10: | | | | | return: m_trans_log_file: (null), m_trans_fixed_log_file: (null), m_trans_end_pos: 0
T@10: | | | | <THD::set_trans_pos
T@10: | | | | debug: is_current_stmt_binlog_format_row(): 1
T@10: | | | | >Security_context::checkout_access_maps
T@10: | | | | <Security_context::checkout_access_maps
T@10: | | | <THD::reset_for_next_command
T@10: | | | >lex_start
T@10: | | | | >LEX::new_top_level_query
T@10: | | | | | >LEX::new_query
T@10: | | | | | | outer_field: creating ctx 0x7fff3001c048
T@10: | | | | | | outer_field: ctx 0x7fff3001c048 <-> SL# 1
T@10: | | | | | <LEX::new_query
T@10: | | | | <LEX::new_top_level_query
T@10: | | | <lex_start
T@10: | | | >Diagnostics_area::reset_diagnostics_area
T@10: | | | <Diagnostics_area::reset_diagnostics_area
T@10: | | | >MEM_ROOT::ClearForReuse
T@10: | | | <MEM_ROOT::ClearForReuse
T@10: | | | >mysql_audit_acquire_plugins
T@10: | | | <mysql_audit_acquire_plugins
T@10: | | | >parse_sql
T@10: | | | | >THD::convert_string
T@10: | | | | <THD::convert_string
T@10: | | | | >THD::convert_string
T@10: | | | | <THD::convert_string
T@10: | | | | >THD::convert_string
T@10: | | | | <THD::convert_string
T@10: | | | | >THD::convert_string
T@10: | | | | <THD::convert_string
T@10: | | | | >THD::convert_string
T@10: | | | | <THD::convert_string
T@10: | | | | >THD::convert_string
T@10: | | | | <THD::convert_string
T@10: | | | | >MEM_ROOT::AllocSlow
T@10: | | | | | enter: root: 0x7fff300aed10
T@10: | | | | | >MEM_ROOT::AllocBlock
T@10: | | | | | | >char* PFS_instr_name::str
T@10: | | | | | | <char* PFS_instr_name::str
T@10: | | | | | <MEM_ROOT::AllocBlock
T@10: | | | | <MEM_ROOT::AllocSlow
T@10: | | | | >THD::convert_string
T@10: | | | | <THD::convert_string
T@10: | | | | >THD::convert_string
T@10: | | | | <THD::convert_string
T@10: | | | | >THD::convert_string
T@10: | | | | <THD::convert_string
T@10: | | | | >find_udf
T@10: | | | | <find_udf
T@10: | | | | >find_udf
T@10: | | | | <find_udf
T@10: | | | | >Query_block::add_table_to_list
T@10: | | | | | >MEM_ROOT::AllocSlow
T@10: | | | | | | enter: root: 0x7fff300aed10
T@10: | | | | | | >MEM_ROOT::AllocBlock
T@10: | | | | | | | >char* PFS_instr_name::str
T@10: | | | | | | | <char* PFS_instr_name::str
T@10: | | | | | | <MEM_ROOT::AllocBlock
T@10: | | | | | <MEM_ROOT::AllocSlow
T@10: | | | | <Query_block::add_table_to_list
T@10: | | | | >Query_block::add_joined_table
T@10: | | | | <Query_block::add_joined_table
T@10: | | | <parse_sql
T@10: | | | >Diagnostics_area::reset_diagnostics_area
T@10: | | | <Diagnostics_area::reset_diagnostics_area
T@10: | | | >MEM_ROOT::ClearForReuse
T@10: | | | <MEM_ROOT::ClearForReuse
T@10: | | | >mysql_audit_acquire_plugins
T@10: | | | <mysql_audit_acquire_plugins
T@10: | | | >mysql_rewrite_query
T@10: | | | <mysql_rewrite_query
T@10: | | | >mysql_audit_acquire_plugins
T@10: | | | <mysql_audit_acquire_plugins
T@10: | | | >resourcegroups::Resource_group_mgr* resourcegroups::Resource_group_mgr::instance
T@10: | | | <resourcegroups::Resource_group_mgr* resourcegroups::Resource_group_mgr::instance
T@10: | | | >mysql_execute_command
T@10: | | | | >Diagnostics_area::reset_diagnostics_area
T@10: | | | | <Diagnostics_area::reset_diagnostics_area
T@10: | | | | >MEM_ROOT::ClearForReuse
T@10: | | | | <MEM_ROOT::ClearForReuse
T@10: | | | | >launch_hook_trans_begin
T@10: | | | | | THD::enter_stage: 'Executing hook on transaction begin.' /opt/src/mysql-server/sql/rpl_handler.cc:1477
T@10: | | | | | >PROFILING::status_change
T@10: | | | | | <PROFILING::status_change
T@10: | | | | | debug: is_empty: 1
T@10: | | | | | THD::enter_stage: 'starting' /opt/src/mysql-server/sql/rpl_handler.cc:1479
T@10: | | | | | >PROFILING::status_change
T@10: | | | | | <PROFILING::status_change
T@10: | | | | <launch_hook_trans_begin
T@10: | | | | >deny_updates_if_read_only_option
T@10: | | | | | >check_readonly
T@10: | | | | | <check_readonly
T@10: | | | | <deny_updates_if_read_only_option
T@10: | | | | >Table_ref*, enum_sql_command, List<set_var_base>*, const char*, size_t, sp_printable*, const CHARSET_INFO*)
T@10: | | | | | >Opt_trace_context::start
T@10: | | | | | | opt: new stmt 0x7fff30011da0 support_I_S 0
T@10: | | | | | | >Opt_trace_context::purge_stmts
T@10: | | | | | | <Opt_trace_context::purge_stmts
T@10: | | | | | | opt: rc 1048576 max_mem_size 1048576
T@10: | | | | | <Opt_trace_context::start
T@10: | | | | | >{anonymous}::opt_trace_disable_if_no_tables_access
T@10: | | | | | <{anonymous}::opt_trace_disable_if_no_tables_access
T@10: | | | | <Table_ref*, enum_sql_command, List<set_var_base>*, const char*, size_t, sp_printable*, const CHARSET_INFO*)
T@10: | | | | opt: (null): starting struct
T@10: | | | | opt: steps: starting struct
T@10: | | | | >gtid_pre_statement_checks
T@10: | | | | | info: gtid_next->type=0 owned_gtid.{sidno,gno}={0,0}
T@10: | | | | | >stmt_causes_implicit_commit
T@10: | | | | | <stmt_causes_implicit_commit
T@10: | | | | | >is_stmt_taking_table_wr_locks
T@10: | | | | | <is_stmt_taking_table_wr_locks
T@10: | | | | <gtid_pre_statement_checks
T@10: | | | | >check_and_report_require_row_format_violation
T@10: | | | | <check_and_report_require_row_format_violation
T@10: | | | | >run_post_replication_filters_actions
T@10: | | | | <run_post_replication_filters_actions
T@10: | | | | >stmt_causes_implicit_commit
T@10: | | | | <stmt_causes_implicit_commit
T@10: | | | | >gtid_pre_statement_post_implicit_commit_checks
T@10: | | | | | >is_stmt_taking_table_wr_locks
T@10: | | | | | <is_stmt_taking_table_wr_locks
T@10: | | | | | >THD::is_ddl_gtid_compatible
T@10: | | | | | | info: is_binlog_open:1 is_binlog_enabled_for_session:1
T@10: | | | | | | info: is_create_table:0 is_create_temporary_table:0 is_create_table_select:0 is_create_table_atomic:0 is_drop_table:0 is_drop_temporary_table:0 is_in_transaction:0 is_in_sub_statement:0 is_binlog_format_statement:0
T@10: | | | | | <THD::is_ddl_gtid_compatible
T@10: | | | | <gtid_pre_statement_post_implicit_commit_checks
T@10: | | | | >mysql_audit_acquire_plugins
T@10: | | | | <mysql_audit_acquire_plugins
T@10: | | | | >open_temporary_tables
T@10: | | | | | >open_temporary_table
T@10: | | | | | | enter: table: 'employees'.'employees'
T@10: | | | | | <open_temporary_table
T@10: | | | | <open_temporary_tables
T@10: | | | | >bool Sql_cmd_dml::execute
T@10: | | | | | >bool Sql_cmd_dml::prepare
T@10: | | | | | | >check_table_access
T@10: | | | | | | | info: table: employees derived: 0  view: 0
T@10: | | | | | | | >check_access
T@10: | | | | | | | | enter: db: employees  want_access: 1  master_access: 2147483647
T@10: | | | | | | | | THD::enter_stage: 'checking permissions' /opt/src/mysql-server/sql/auth/sql_authorization.cc:2146
T@10: | | | | | | | | >PROFILING::status_change
T@10: | | | | | | | | <PROFILING::status_change
T@10: | | | | | | | | >Security_context::check_access
T@10: | | | | | | | | <Security_context::check_access
T@10: | | | | | | | | >Security_context::check_access
T@10: | | | | | | | | <Security_context::check_access
T@10: | | | | | | | <check_access
T@10: | | | | | | | >check_grant
T@10: | | | | | | | <check_grant
T@10: | | | | | | <check_table_access
T@10: | | | | | | >open_tables_for_query
T@10: | | | | | | | >open_tables
T@10: | | | | | | | | THD::enter_stage: 'Opening tables' /opt/src/mysql-server/sql/sql_base.cc:5797
T@10: | | | | | | | | >PROFILING::status_change
T@10: | | | | | | | | <PROFILING::status_change
T@10: | | | | | | | | >open_and_process_table
T@10: | | | | | | | | | tcache: opening table: 'employees'.'employees'  item: 0x7fff3001d640
T@10: | | | | | | | | | >open_table
T@10: | | | | | | | | | | >get_table_share_with_discover
T@10: | | | | | | | | | | | >get_table_share
T@10: | | | | | | | | | | | | >process_found_table_share
T@10: | | | | | | | | | | | | | exit: share: 0x7fff3000edd0 ref_count: 2
T@10: | | | | | | | | | | | | <process_found_table_share
T@10: | | | | | | | | | | | <get_table_share
T@10: | | | | | | | | | | <get_table_share_with_discover
T@10: | | | | | | | | | | >MDL_context::release_lock
T@10: | | | | | | | | | | | enter: db=employees name=
T@10: | | | | | | | | | | <MDL_context::release_lock
T@10: | | | | | | | | | | >open_table_from_share
T@10: | | | | | | | | | | | enter: name: 'employees.employees'  form: 0x7fff3001a8c0
T@10: | | | | | | | | | | | >get_new_handler
T@10: | | | | | | | | | | | | enter: alloc: 0x7fff3001b150
T@10: | | | | | | | | | | | | >MEM_ROOT::AllocSlow
T@10: | | | | | | | | | | | | | enter: root: 0x7fff3001b150
T@10: | | | | | | | | | | | | | >MEM_ROOT::AllocBlock
T@10: | | | | | | | | | | | | | <MEM_ROOT::AllocBlock
T@10: | | | | | | | | | | | | <MEM_ROOT::AllocSlow
T@10: | | | | | | | | | | | | info: handler created F_UNLCK 2 F_RDLCK 0 F_WRLCK 1
T@10: | | | | | | | | | | | <get_new_handler
T@10: | | | | | | | | | | | >MEM_ROOT::AllocSlow
T@10: | | | | | | | | | | | | enter: root: 0x7fff3001b150
T@10: | | | | | | | | | | | | >MEM_ROOT::AllocBlock
T@10: | | | | | | | | | | | | <MEM_ROOT::AllocBlock
T@10: | | | | | | | | | | | <MEM_ROOT::AllocSlow
T@10: | | | | | | | | | | | >MEM_ROOT::AllocSlow
T@10: | | | | | | | | | | | | enter: root: 0x7fff3001b150
T@10: | | | | | | | | | | | | >MEM_ROOT::AllocBlock
T@10: | | | | | | | | | | | | <MEM_ROOT::AllocBlock
T@10: | | | | | | | | | | | <MEM_ROOT::AllocSlow
T@10: | | | | | | | | | | | >create_key_part_field_with_prefix_length
T@10: | | | | | | | | | | | <create_key_part_field_with_prefix_length
T@10: | | | | | | | | | | | >bitmap_init
T@10: | | | | | | | | | | | <bitmap_init
T@10: | | | | | | | | | | | >bitmap_init
T@10: | | | | | | | | | | | <bitmap_init
T@10: | | | | | | | | | | | >bitmap_init
T@10: | | | | | | | | | | | <bitmap_init
T@10: | | | | | | | | | | | >bitmap_init
T@10: | | | | | | | | | | | <bitmap_init
T@10: | | | | | | | | | | | >bitmap_init
T@10: | | | | | | | | | | | <bitmap_init
T@10: | | | | | | | | | | | >bitmap_init
T@10: | | | | | | | | | | | <bitmap_init
T@10: | | | | | | | | | | | >bitmap_init
T@10: | | | | | | | | | | | <bitmap_init
T@10: | | | | | | | | | | | >bitmap_init
T@10: | | | | | | | | | | | <bitmap_init
T@10: | | | | | | | | | | | >handler::ha_open
T@10: | | | | | | | | | | | | enter: name: ./employees/employees  db_type: 12  db_stat: 39  mode: 2  lock_test: 2
T@10: | | | | | | | | | | | | info: old m_lock_type: 2 F_UNLCK 2
T@10: | | | | | | | | | | | | >int ha_innobase::open
T@10: | | | | | | | | | | | | | >dict_table_check_if_in_cache_low
T@10: | | | | | | | | | | | | | | dict_table_check_if_in_cache_low: table: 'employees/employees'
T@10: | | | | | | | | | | | | | <dict_table_check_if_in_cache_low
T@10: | | | | | | | | | | | | | >filename_to_tablename
T@10: | | | | | | | | | | | | | | enter: from 'employees'
T@10: | | | | | | | | | | | | | | exit: to 'employees'
T@10: | | | | | | | | | | | | | <filename_to_tablename
T@10: | | | | | | | | | | | | | >filename_to_tablename
T@10: | | | | | | | | | | | | | | enter: from 'employees'
T@10: | | | | | | | | | | | | | | exit: to 'employees'
T@10: | | | | | | | | | | | | | <filename_to_tablename
T@10: | | | | | | | | | | | | | >row_create_prebuilt
T@10: | | | | | | | | | | | | | <row_create_prebuilt
T@10: | | | | | | | | | | | | | >innobase_build_index_translation
T@10: | | | | | | | | | | | | | <innobase_build_index_translation
T@10: | | | | | | | | | | | | | >int ha_innobase::info_low
T@10: | | | | | | | | | | | | | | >ha_innobase::update_thd
T@10: | | | | | | | | | | | | | | | ha_innobase::update_thd: user_thd: (nil) -> 0x7fff300ac3d0
T@10: | | | | | | | | | | | | | | | >innobase_trx_allocate
T@10: | | | | | | | | | | | | | | | | >innobase_trx_init
T@10: | | | | | | | | | | | | | | | | <innobase_trx_init
T@10: | | | | | | | | | | | | | | | <innobase_trx_allocate
T@10: | | | | | | | | | | | | | | <ha_innobase::update_thd
T@10: | | | | | | | | | | | | | | >dict_index_t* ha_innobase::innobase_get_index
T@10: | | | | | | | | | | | | | | <dict_index_t* ha_innobase::innobase_get_index
T@10: | | | | | | | | | | | | | <int ha_innobase::info_low
T@10: | | | | | | | | | | | | <int ha_innobase::open
T@10: | | | | | | | | | | | | >ha_innobase::update_thd
T@10: | | | | | | | | | | | | | ha_innobase::update_thd: user_thd: 0x7fff300ac3d0 -> 0x7fff300ac3d0
T@10: | | | | | | | | | | | | | >innobase_trx_init
T@10: | | | | | | | | | | | | | <innobase_trx_init
T@10: | | | | | | | | | | | | <ha_innobase::update_thd
T@10: | | | | | | | | | | | <handler::ha_open
T@10: | | | | | | | | | | <open_table_from_share
T@10: | | | | | | | | | | >void handler::column_bitmaps_signal
T@10: | | | | | | | | | | | info: read_set: 0x7fff3001aa30  write_set: 0x7fff3001aa48
T@10: | | | | | | | | | | <void handler::column_bitmaps_signal
T@10: | | | | | | | | | | >ha_innobase::update_thd
T@10: | | | | | | | | | | | ha_innobase::update_thd: user_thd: 0x7fff300ac3d0 -> 0x7fff300ac3d0
T@10: | | | | | | | | | | | >innobase_trx_init
T@10: | | | | | | | | | | | <innobase_trx_init
T@10: | | | | | | | | | | <ha_innobase::update_thd
T@10: | | | | | | | | | <open_table
T@10: | | | | | | | | | >ha_innobase::update_thd
T@10: | | | | | | | | | | ha_innobase::update_thd: user_thd: 0x7fff300ac3d0 -> 0x7fff300ac3d0
T@10: | | | | | | | | | | >innobase_trx_init
T@10: | | | | | | | | | | <innobase_trx_init
T@10: | | | | | | | | | <ha_innobase::update_thd
T@10: | | | | | | | | <open_and_process_table
T@10: | | | | | | | | >mysql_audit_acquire_plugins
T@10: | | | | | | | | <mysql_audit_acquire_plugins
T@10: | | | | | | | | open_tables: returning: 0
T@10: | | | | | | | <open_tables
T@10: | | | | | | <open_tables_for_query
T@10: | | | | | | >Query_block::prepare
T@10: | | | | | | | opt: (null): starting struct
T@10: | | | | | | | opt: join_preparation: starting struct
T@10: | | | | | | | opt: select#: 1
T@10: | | | | | | | opt: steps: starting struct
T@10: | | | | | | | >Query_block::setup_tables
T@10: | | | | | | | <Query_block::setup_tables
T@10: | | | | | | | info: setup_ref_array this 0x7fff3001be90   33 :    0    0    4   24    5    0    0
T@10: | | | | | | | >setup_fields
T@10: | | | | | | | | info: thd->mark_used_columns: 1
T@10: | | | | | | | | >find_field_in_table_ref
T@10: | | | | | | | | | enter: table: 'employees'  field name: 'emp_no'  item name: 'emp_no'  ref 0x7fff3000c010
T@10: | | | | | | | | | >find_field_in_table
T@10: | | | | | | | | | | enter: table: 'employees', field name: 'emp_no'
T@10: | | | | | | | | | <find_field_in_table
T@10: | | | | | | | | | >check_column_grant_in_table_ref
T@10: | | | | | | | | | | >check_grant_column
T@10: | | | | | | | | | | | enter: table: employees  want_privilege: 1
T@10: | | | | | | | | | | <check_grant_column
T@10: | | | | | | | | | <check_column_grant_in_table_ref
T@10: | | | | | | | | | >TABLE::mark_column_used
T@10: | | | | | | | | | <TABLE::mark_column_used
T@10: | | | | | | | | <find_field_in_table_ref
T@10: | | | | | | | | >find_field_in_table_ref
T@10: | | | | | | | | | enter: table: 'employees'  field name: 'first_name'  item name: 'first_name'  ref 0x7fff3000c018
T@10: | | | | | | | | | >find_field_in_table
T@10: | | | | | | | | | | enter: table: 'employees', field name: 'first_name'
T@10: | | | | | | | | | <find_field_in_table
T@10: | | | | | | | | | >check_column_grant_in_table_ref
T@10: | | | | | | | | | | >check_grant_column
T@10: | | | | | | | | | | | enter: table: employees  want_privilege: 1
T@10: | | | | | | | | | | <check_grant_column
T@10: | | | | | | | | | <check_column_grant_in_table_ref
T@10: | | | | | | | | | >TABLE::mark_column_used
T@10: | | | | | | | | | <TABLE::mark_column_used
T@10: | | | | | | | | <find_field_in_table_ref
T@10: | | | | | | | | >find_field_in_table_ref
T@10: | | | | | | | | | enter: table: 'employees'  field name: 'birth_date'  item name: 'birth_date'  ref 0x7fff3000c020
T@10: | | | | | | | | | >find_field_in_table
T@10: | | | | | | | | | | enter: table: 'employees', field name: 'birth_date'
T@10: | | | | | | | | | <find_field_in_table
T@10: | | | | | | | | | >check_column_grant_in_table_ref
T@10: | | | | | | | | | | >check_grant_column
T@10: | | | | | | | | | | | enter: table: employees  want_privilege: 1
T@10: | | | | | | | | | | <check_grant_column
T@10: | | | | | | | | | <check_column_grant_in_table_ref
T@10: | | | | | | | | | >TABLE::mark_column_used
T@10: | | | | | | | | | <TABLE::mark_column_used
T@10: | | | | | | | | <find_field_in_table_ref
T@10: | | | | | | | | >find_field_in_table_ref
T@10: | | | | | | | | | enter: table: 'employees'  field name: 'birth_date'  item name: 'birth_date'  ref 0x7fff3000bb00
T@10: | | | | | | | | | >find_field_in_table
T@10: | | | | | | | | | | enter: table: 'employees', field name: 'birth_date'
T@10: | | | | | | | | | <find_field_in_table
T@10: | | | | | | | | | >check_column_grant_in_table_ref
T@10: | | | | | | | | | | >check_grant_column
T@10: | | | | | | | | | | | enter: table: employees  want_privilege: 1
T@10: | | | | | | | | | | <check_grant_column
T@10: | | | | | | | | | <check_column_grant_in_table_ref
T@10: | | | | | | | | | >TABLE::mark_column_used
T@10: | | | | | | | | | <TABLE::mark_column_used
T@10: | | | | | | | | <find_field_in_table_ref
T@10: | | | | | | | | >void Item_num_op::set_numeric_type
T@10: | | | | | | | | | info: name -
T@10: | | | | | | | | | info: Type: INT_RESULT
T@10: | | | | | | | | <void Item_num_op::set_numeric_type
T@10: | | | | | | | | >bool Item_func_div::resolve_type
T@10: | | | | | | | | | >void Item_num_op::set_numeric_type
T@10: | | | | | | | | | | info: name /
T@10: | | | | | | | | | | info: Type: INT_RESULT
T@10: | | | | | | | | | <void Item_num_op::set_numeric_type
T@10: | | | | | | | | | info: Type changed: DECIMAL_RESULT
T@10: | | | | | | | | <bool Item_func_div::resolve_type
T@10: | | | | | | | | >bool Item_func_int_val::resolve_type_inner
T@10: | | | | | | | | | info: name ceiling
T@10: | | | | | | | | | info: Type: INT_RESULT
T@10: | | | | | | | | <bool Item_func_int_val::resolve_type_inner
T@10: | | | | | | | | info: thd->mark_used_columns: 1
T@10: | | | | | | | <setup_fields
T@10: | | | | | | | >Query_block::setup_conds
T@10: | | | | | | | | info: thd->mark_used_columns: 1
T@10: | | | | | | | | >find_field_in_table_ref
T@10: | | | | | | | | | enter: table: 'employees'  field name: 'emp_no'  item name: 'emp_no'  ref 0x7fff3001e2a0
T@10: | | | | | | | | | >find_field_in_table
T@10: | | | | | | | | | | enter: table: 'employees', field name: 'emp_no'
T@10: | | | | | | | | | <find_field_in_table
T@10: | | | | | | | | | >check_column_grant_in_table_ref
T@10: | | | | | | | | | | >check_grant_column
T@10: | | | | | | | | | | | enter: table: employees  want_privilege: 1
T@10: | | | | | | | | | | <check_grant_column
T@10: | | | | | | | | | <check_column_grant_in_table_ref
T@10: | | | | | | | | | >TABLE::mark_column_used
T@10: | | | | | | | | | <TABLE::mark_column_used
T@10: | | | | | | | | <find_field_in_table_ref
T@10: | | | | | | | | >bool Item_bool_func2::resolve_type
T@10: | | | | | | | | <bool Item_bool_func2::resolve_type
T@10: | | | | | | | | >Query_block::setup_join_cond
T@10: | | | | | | | | <Query_block::setup_join_cond
T@10: | | | | | | | <Query_block::setup_conds
T@10: | | | | | | | opt: (null): starting struct
T@10: | | | | | | | opt: (null): ending struct
T@10: | | | | | | | >Query_block::apply_local_transforms
T@10: | | | | | | | | >Query_block::simplify_joins
T@10: | | | | | | | | <Query_block::simplify_joins
T@10: | | | | | | | | >build_bitmap_for_nested_joins
T@10: | | | | | | | | <build_bitmap_for_nested_joins
T@10: | | | | | | | <Query_block::apply_local_transforms
T@10: | | | | | | | opt: steps: ending struct
T@10: | | | | | | | opt: join_preparation: ending struct
T@10: | | | | | | | opt: (null): ending struct
T@10: | | | | | | <Query_block::prepare
T@10: | | | | | <bool Sql_cmd_dml::prepare
T@10: | | | | | THD::enter_stage: 'init' /opt/src/mysql-server/sql/sql_select.cc:772
T@10: | | | | | >PROFILING::status_change
T@10: | | | | | <PROFILING::status_change
T@10: | | | | | >lock_tables
T@10: | | | | | | >mysql_lock_tables
T@10: | | | | | | | >lock_tables_check
T@10: | | | | | | | <lock_tables_check
T@10: | | | | | | | >get_lock_data
T@10: | | | | | | | | info: count 1
T@10: | | | | | | | | >innobase_trx_init
T@10: | | | | | | | | <innobase_trx_init
T@10: | | | | | | | | info: sql_lock->table_count 1 sql_lock->lock_count 0
T@10: | | | | | | | <get_lock_data
T@10: | | | | | | | THD::enter_stage: 'System lock' /opt/src/mysql-server/sql/lock.cc:332
T@10: | | | | | | | >PROFILING::status_change
T@10: | | | | | | | <PROFILING::status_change
T@10: | | | | | | | info: thd->proc_info System lock
T@10: | | | | | | | >lock_external
T@10: | | | | | | | | info: count 1
T@10: | | | | | | | | >handler::ha_external_lock
T@10: | | | | | | | | | >int ha_innobase::external_lock
T@10: | | | | | | | | | | enter: lock_type: 0
T@10: | | | | | | | | | | >ha_innobase::update_thd
T@10: | | | | | | | | | | | ha_innobase::update_thd: user_thd: 0x7fff300ac3d0 -> 0x7fff300ac3d0
T@10: | | | | | | | | | | | >innobase_trx_init
T@10: | | | | | | | | | | | <innobase_trx_init
T@10: | | | | | | | | | | <ha_innobase::update_thd
T@10: | | | | | | | | | | >trans_register_ha
T@10: | | | | | | | | | | | enter: stmt
T@10: | | | | | | | | | | | >Ha_trx_info::register_ha
T@10: | | | | | | | | | | | <Ha_trx_info::register_ha
T@10: | | | | | | | | | | | >Transaction_ctx::set_ha_trx_info
T@10: | | | | | | | | | | | <Transaction_ctx::set_ha_trx_info
T@10: | | | | | | | | | | | >gtid_set_performance_schema_values
T@10: | | | | | | | | | | | <gtid_set_performance_schema_values
T@10: | | | | | | | | | | <trans_register_ha
T@10: | | | | | | | | | <int ha_innobase::external_lock
T@10: | | | | | | | | <handler::ha_external_lock
T@10: | | | | | | | <lock_external
T@10: | | | | | | | >thr_multi_lock
T@10: | | | | | | | | lock: data: 0x7fff30005718  count: 0
T@10: | | | | | | | <thr_multi_lock
T@10: | | | | | | <mysql_lock_tables
T@10: | | | | | | >THD::decide_logging_format
T@10: | | | | | | | info: query: select
  emp_no,
  first_name,
  birth_date,
  ceil(datediff(current_date, birth_date) / 365) as age
from
  employees
where
  emp_no < 10010
T@10: | | | | | | | info: variables.binlog_format: 2
T@10: | | | | | | | >Query_tables_list::get_stmt_unsafe_flags
T@10: | | | | | | | <Query_tables_list::get_stmt_unsafe_flags
T@10: | | | | | | | info: lex->get_stmt_unsafe_flags(): 0x0
T@10: | | | | | | | debug: prelocked_mode: LTM_NONE
T@10: | | | | | | | info: table: employees; ha_table_flags: 0x8ffa8c00638496
T@10: | | | | | | | >Query_tables_list::set_stmt_accessed_table
T@10: | | | | | | | <Query_tables_list::set_stmt_accessed_table
T@10: | | | | | | | info: flags_write_all_set: 0xc00000000
T@10: | | | | | | | info: flags_write_some_set: 0x0
T@10: | | | | | | | info: flags_access_some_set: 0x8ffa8c00638496
T@10: | | | | | | | info: multi_write_engine: 0
T@10: | | | | | | | info: multi_access_engine: 0
T@10: | | | | | | | >Query_tables_list::stmt_accessed_table
T@10: | | | | | | | <Query_tables_list::stmt_accessed_table
T@10: | | | | | | | >Query_tables_list::stmt_accessed_table
T@10: | | | | | | | <Query_tables_list::stmt_accessed_table
T@10: | | | | | | | >Query_tables_list::get_stmt_unsafe_flags
T@10: | | | | | | | <Query_tables_list::get_stmt_unsafe_flags
T@10: | | | | | | | >Query_tables_list::stmt_accessed_table
T@10: | | | | | | | <Query_tables_list::stmt_accessed_table
T@10: | | | | | | | >Query_tables_list::stmt_accessed_table
T@10: | | | | | | | <Query_tables_list::stmt_accessed_table
T@10: | | | | | | | >THD::is_dml_gtid_compatible
T@10: | | | | | | | | info: some_non_transactional_table=0 some_transactional_table=0 trans_has_updated_trans_table=0 non_transactional_tables_are_tmp=0 is_current_stmt_binlog_format_row=1
T@10: | | | | | | | <THD::is_dml_gtid_compatible
T@10: | | | | | | | info: decision: logging in ROW format
T@10: | | | | | | <THD::decide_logging_format
T@10: | | | | | <lock_tables
T@10: | | | | | >Query_expression::optimize
T@10: | | | | | | >Query_block::optimize
T@10: | | | | | | | >JOIN::optimize
T@10: | | | | | | | | THD::enter_stage: 'optimizing' /opt/src/mysql-server/sql/sql_optimizer.cc:354
T@10: | | | | | | | | >PROFILING::status_change
T@10: | | | | | | | | <PROFILING::status_change
T@10: | | | | | | | | opt: (null): starting struct
T@10: | | | | | | | | opt: join_optimization: starting struct
T@10: | | | | | | | | opt: select#: 1
T@10: | | | | | | | | opt: steps: starting struct
T@10: | | | | | | | | >count_field_types
T@10: | | | | | | | | <count_field_types
T@10: | | | | | | | | >JOIN::alloc_func_list
T@10: | | | | | | | | <JOIN::alloc_func_list
T@10: | | | | | | | | >optimize_cond
T@10: | | | | | | | | | opt: (null): starting struct
T@10: | | | | | | | | | opt: condition_processing: starting struct
T@10: | | | | | | | | | opt: condition: "WHERE"
T@10: | | | | | | | | | opt: original_condition: "(`employees`.`emp_no` < 10010)"
T@10: | | | | | | | | | opt: steps: starting struct
T@10: | | | | | | | | | opt: (null): starting struct
T@10: | | | | | | | | | opt: transformation: "equality_propagation"
T@10: | | | | | | | | | opt: subselect_evaluation: starting struct
T@10: | | | | | | | | | opt: subselect_evaluation: ending struct
T@10: | | | | | | | | | opt: resulting_condition: "(`employees`.`emp_no` < 10010)"
T@10: | | | | | | | | | opt: (null): ending struct
T@10: | | | | | | | | | opt: (null): starting struct
T@10: | | | | | | | | | opt: transformation: "constant_propagation"
T@10: | | | | | | | | | opt: subselect_evaluation: starting struct
T@10: | | | | | | | | | opt: subselect_evaluation: ending struct
T@10: | | | | | | | | | opt: resulting_condition: "(`employees`.`emp_no` < 10010)"
T@10: | | | | | | | | | opt: (null): ending struct

WHERE:(after const change) 0x7fff3001e1f8 (`employees`.`employees`.`emp_no` < 10010)
T@10: | | | | | | | | | opt: (null): starting struct
T@10: | | | | | | | | | opt: transformation: "trivial_condition_removal"
T@10: | | | | | | | | | opt: subselect_evaluation: starting struct
T@10: | | | | | | | | | opt: subselect_evaluation: ending struct
T@10: | | | | | | | | | opt: resulting_condition: "(`employees`.`emp_no` < 10010)"
T@10: | | | | | | | | | opt: (null): ending struct
T@10: | | | | | | | | | opt: steps: ending struct
T@10: | | | | | | | | | opt: condition_processing: ending struct
T@10: | | | | | | | | | opt: (null): ending struct
T@10: | | | | | | | | <optimize_cond
T@10: | | | | | | | | >get_sort_by_table
T@10: | | | | | | | | <get_sort_by_table
T@10: | | | | | | | | opt: (null): starting struct
T@10: | | | | | | | | opt: substitute_generated_columns: starting struct
T@10: | | | | | | | | opt: substitute_generated_columns: ending struct
T@10: | | | | | | | | opt: (null): ending struct
T@10: | | | | | | | | THD::enter_stage: 'statistics' /opt/src/mysql-server/sql/sql_optimizer.cc:694
T@10: | | | | | | | | >PROFILING::status_change
T@10: | | | | | | | | <PROFILING::status_change
T@10: | | | | | | | | >JOIN::make_join_plan
T@10: | | | | | | | | | >int ha_innobase::info_low
T@10: | | | | | | | | | | >ha_innobase::update_thd
T@10: | | | | | | | | | | | ha_innobase::update_thd: user_thd: 0x7fff300ac3d0 -> 0x7fff300ac3d0
T@10: | | | | | | | | | | | >innobase_trx_init
T@10: | | | | | | | | | | | <innobase_trx_init
T@10: | | | | | | | | | | <ha_innobase::update_thd
T@10: | | | | | | | | | | >dict_index_t* ha_innobase::innobase_get_index
T@10: | | | | | | | | | | <dict_index_t* ha_innobase::innobase_get_index
T@10: | | | | | | | | | <int ha_innobase::info_low
T@10: | | | | | | | | | opt: (null): starting struct
T@10: | | | | | | | | | opt: table_dependencies: starting struct
T@10: | | | | | | | | | opt: (null): starting struct
T@10: | | | | | | | | | opt: table: "`employees`"
T@10: | | | | | | | | | opt: row_may_be_null: 0
T@10: | | | | | | | | | opt: map_bit: 0
T@10: | | | | | | | | | opt: depends_on_map_bits: starting struct
T@10: | | | | | | | | | opt: depends_on_map_bits: ending struct
T@10: | | | | | | | | | opt: (null): ending struct
T@10: | | | | | | | | | opt: table_dependencies: ending struct
T@10: | | | | | | | | | opt: (null): ending struct
T@10: | | | | | | | | | info: add_key_field for field emp_no
T@10: | | | | | | | | | opt: (null): starting struct
T@10: | | | | | | | | | opt: ref_optimizer_key_uses: starting struct
T@10: | | | | | | | | | opt: Key_use array (0 elements)
T@10: | | | | | | | | | opt: ref_optimizer_key_uses: ending struct
T@10: | | | | | | | | | opt: (null): ending struct
T@10: | | | | | | | | | opt: (null): starting struct
T@10: | | | | | | | | | opt: rows_estimation: starting struct
T@10: | | | | | | | | | opt: (null): starting struct
T@10: | | | | | | | | | opt: table: "`employees`"
T@10: | | | | | | | | | >bitmap_init
T@10: | | | | | | | | | <bitmap_init
T@10: | | | | | | | | | >JOIN::make_sum_func_list
T@10: | | | | | | | | | <JOIN::make_sum_func_list
T@10: | | | | | | | | | >bool Item_field::collect_item_field_processor
T@10: | | | | | | | | | | info: emp_no
T@10: | | | | | | | | | <bool Item_field::collect_item_field_processor
T@10: | | | | | | | | | >get_quick_record_count
T@10: | | | | | | | | | | >test_quick_select
T@10: | | | | | | | | | | | enter: keys_to_use: 1  prev_tables: 0  
T@10: | | | | | | | | | | | opt: range_analysis: starting struct
T@10: | | | | | | | | | | | opt: table_scan: starting struct
T@10: | | | | | | | | | | | opt: rows: 276023
T@10: | | | | | | | | | | | opt: cost: 28468.6
T@10: | | | | | | | | | | | opt: table_scan: ending struct
T@10: | | | | | | | | | | | opt: potential_range_indexes: starting struct
T@10: | | | | | | | | | | | opt: (null): starting struct
T@10: | | | | | | | | | | | opt: index: "PRIMARY"
T@10: | | | | | | | | | | | opt: usable: 1
T@10: | | | | | | | | | | | opt: key_parts: starting struct
T@10: | | | | | | | | | | | opt: (null): "emp_no"
T@10: | | | | | | | | | | | opt: key_parts: ending struct
T@10: | | | | | | | | | | | opt: (null): ending struct
T@10: | | | | | | | | | | | opt: potential_range_indexes: ending struct
T@10: | | | | | | | | | | | opt: setup_range_conditions: starting struct
T@10: | | | | | | | | | | | >get_mm_tree
T@10: | | | | | | | | | | | | >get_full_func_mm_tree
T@10: | | | | | | | | | | | | | >get_func_mm_tree
T@10: | | | | | | | | | | | | | | >get_mm_parts
T@10: | | | | | | | | | | | | | | | >MEM_ROOT::AllocSlow
T@10: | | | | | | | | | | | | | | | | enter: root: 0x7fffe03ee780
T@10: | | | | | | | | | | | | | | | | >MEM_ROOT::AllocBlock
T@10: | | | | | | | | | | | | | | | | | >char* PFS_instr_name::str
T@10: | | | | | | | | | | | | | | | | | <char* PFS_instr_name::str
T@10: | | | | | | | | | | | | | | | | <MEM_ROOT::AllocBlock
T@10: | | | | | | | | | | | | | | | <MEM_ROOT::AllocSlow
T@10: | | | | | | | | | | | | | | | >get_mm_leaf
T@10: | | | | | | | | | | | | | | | | >Item::save_in_field_no_warnings
T@10: | | | | | | | | | | | | | | | | | >Item::save_in_field
T@10: | | | | | | | | | | | | | | | | | <Item::save_in_field
T@10: | | | | | | | | | | | | | | | | <Item::save_in_field_no_warnings
T@10: | | | | | | | | | | | | | | | <get_mm_leaf
T@10: | | | | | | | | | | | | | | <get_mm_parts
T@10: | | | | | | | | | | | | | <get_func_mm_tree
T@10: | | | | | | | | | | | | <get_full_func_mm_tree
T@10: | | | | | | | | | | | | info: sel_tree: 0x7fff300af9b0, type=2, tree_returned->keys[0(0)]: (emp_no < 10010)
T@10: | | | | | | | | | | | <get_mm_tree
T@10: | | | | | | | | | | | opt: setup_range_conditions: ending struct
T@10: | | | | | | | | | | | >get_best_group_min_max
T@10: | | | | | | | | | | | | opt: group_index_range: starting struct
T@10: | | | | | | | | | | | | >bitmap_init
T@10: | | | | | | | | | | | | <bitmap_init
T@10: | | | | | | | | | | | | >JOIN::make_sum_func_list
T@10: | | | | | | | | | | | | <JOIN::make_sum_func_list
T@10: | | | | | | | | | | | | opt: chosen: 0
T@10: | | | | | | | | | | | | opt: cause: "not_group_by_or_distinct"
T@10: | | | | | | | | | | | | opt: group_index_range: ending struct
T@10: | | | | | | | | | | | <get_best_group_min_max
T@10: | | | | | | | | | | | >get_best_skip_scan
T@10: | | | | | | | | | | | | opt: skip_scan_range: starting struct
T@10: | | | | | | | | | | | | opt: potential_skip_scan_indexes: starting struct
T@10: | | | | | | | | | | | | opt: (null): starting struct
T@10: | | | | | | | | | | | | opt: index: "PRIMARY"
T@10: | | | | | | | | | | | | opt: usable: 0
T@10: | | | | | | | | | | | | opt: cause: "query_references_nonkey_column"
T@10: | | | | | | | | | | | | opt: (null): ending struct
T@10: | | | | | | | | | | | | opt: potential_skip_scan_indexes: ending struct
T@10: | | | | | | | | | | | | opt: skip_scan_range: ending struct
T@10: | | | | | | | | | | | <get_best_skip_scan
T@10: | | | | | | | | | | | info: sel_tree: 0x7fff300af9b0, type=2, final_tree->keys[0(0)]: (emp_no < 10010)
T@10: | | | | | | | | | | | >bitmap_init
T@10: | | | | | | | | | | | <bitmap_init
T@10: | | | | | | | | | | | opt: analyzing_range_alternatives: starting struct
T@10: | | | | | | | | | | | >get_key_scans_params
T@10: | | | | | | | | | | | | >print_sel_tree
T@10: | | | | | | | | | | | | | info: SEL_TREE: 0x7fff300af8e0 (tree scans)  scans: PRIMARY
T@10: | | | | | | | | | | | | <print_sel_tree
T@10: | | | | | | | | | | | | opt: range_scan_alternatives: starting struct
T@10: | | | | | | | | | | | | opt: (null): starting struct
T@10: | | | | | | | | | | | | opt: index: "PRIMARY"
T@10: | | | | | | | | | | | | >check_quick_select
T@10: | | | | | | | | | | | | | >ha_rows ha_innobase::records_in_range
T@10: | | | | | | | | | | | | | | >dict_index_t* ha_innobase::innobase_get_index
T@10: | | | | | | | | | | | | | | <dict_index_t* ha_innobase::innobase_get_index
T@10: | | | | | | | | | | | | | | >btr_cur_search_to_nth_level
T@10: | | | | | | | | | | | | | | <btr_cur_search_to_nth_level
T@10: | | | | | | | | | | | | | <ha_rows ha_innobase::records_in_range
T@10: | | | | | | | | | | | | | >ha_rows ha_innobase::estimate_rows_upper_bound
T@10: | | | | | | | | | | | | | | >ha_innobase::update_thd
T@10: | | | | | | | | | | | | | | | ha_innobase::update_thd: user_thd: 0x7fff300ac3d0 -> 0x7fff300ac3d0
T@10: | | | | | | | | | | | | | | | >innobase_trx_init
T@10: | | | | | | | | | | | | | | | <innobase_trx_init
T@10: | | | | | | | | | | | | | | <ha_innobase::update_thd
T@10: | | | | | | | | | | | | | <ha_rows ha_innobase::estimate_rows_upper_bound
T@10: | | | | | | | | | | | | | info: Default MRR implementation choosen
T@10: | | | | | | | | | | | | | exit: Records: 9
T@10: | | | | | | | | | | | | <check_quick_select
T@10: | | | | | | | | | | | | opt: ranges: starting struct
T@10: | | | | | | | | | | | | opt: (null): "emp_no < 10010"
T@10: | | | | | | | | | | | | opt: ranges: ending struct
T@10: | | | | | | | | | | | | opt: index_dives_for_eq_ranges: 1
T@10: | | | | | | | | | | | | opt: rowid_ordered: 1
T@10: | | | | | | | | | | | | opt: using_mrr: 0
T@10: | | | | | | | | | | | | opt: index_only: 0
T@10: | | | | | | | | | | | | opt: in_memory: 0.00122399
T@10: | | | | | | | | | | | | opt: rows: 9
T@10: | | | | | | | | | | | | opt: cost: 1.91809
T@10: | | | | | | | | | | | | opt: chosen: 1
T@10: | | | | | | | | | | | | opt: (null): ending struct
T@10: | | | | | | | | | | | | >print_sel_tree
T@10: | | | | | | | | | | | | | info: SEL_TREE: 0x7fff300af8e0 (ROR scans)  scans: PRIMARY
T@10: | | | | | | | | | | | | <print_sel_tree
T@10: | | | | | | | | | | | | info: Returning range plan for key PRIMARY, cost 1.91809, records 9
T@10: | | | | | | | | | | | | opt: range_scan_alternatives: ending struct
T@10: | | | | | | | | | | | <get_key_scans_params
T@10: | | | | | | | | | | | >get_best_ror_intersect
T@10: | | | | | | | | | | | | opt: analyzing_roworder_intersect: starting struct
T@10: | | | | | | | | | | | | opt: usable: 0
T@10: | | | | | | | | | | | | opt: cause: "too_few_roworder_scans"
T@10: | | | | | | | | | | | | opt: analyzing_roworder_intersect: ending struct
T@10: | | | | | | | | | | | <get_best_ror_intersect
T@10: | | | | | | | | | | | opt: analyzing_range_alternatives: ending struct
T@10: | | | | | | | | | | | opt: chosen_range_access_summary: starting struct
T@10: | | | | | | | | | | | opt: range_access_plan: starting struct
T@10: | | | | | | | | | | | opt: type: "range_scan"
T@10: | | | | | | | | | | | opt: index: "PRIMARY"
T@10: | | | | | | | | | | | opt: rows: 9
T@10: | | | | | | | | | | | opt: ranges: starting struct
T@10: | | | | | | | | | | | opt: (null): "emp_no < 10010"
T@10: | | | | | | | | | | | opt: ranges: ending struct
T@10: | | | | | | | | | | | opt: range_access_plan: ending struct
T@10: | | | | | | | | | | | opt: rows_for_plan: 9
T@10: | | | | | | | | | | | opt: cost_for_plan: 1.91809
T@10: | | | | | | | | | | | opt: chosen: 1
T@10: | | | | | | | | | | | opt: chosen_range_access_summary: ending struct
T@10: | | | | | | | | | | | >print_quick
quick range select, key PRIMARY, length: 4
  X < 10010
other_keys: 0x0:
T@10: | | | | | | | | | | | <print_quick
T@10: | | | | | | | | | | | opt: range_analysis: ending struct
T@10: | | | | | | | | | | <test_quick_select
T@10: | | | | | | | | | | >MEM_ROOT::Clear
T@10: | | | | | | | | | | | enter: root: 0x7fffe03ee780
T@10: | | | | | | | | | | <MEM_ROOT::Clear
T@10: | | | | | | | | | <get_quick_record_count
T@10: | | | | | | | | | opt: (null): ending struct
T@10: | | | | | | | | | opt: rows_estimation: ending struct
T@10: | | | | | | | | | opt: (null): ending struct
T@10: | | | | | | | | | >Optimize_table_order::choose_table_order
T@10: | | | | | | | | | | >Query_block::reset_nj_counters
T@10: | | | | | | | | | | <Query_block::reset_nj_counters
T@10: | | | | | | | | | | opt: (null): starting struct
T@10: | | | | | | | | | | opt: considered_execution_plans: starting struct
T@10: | | | | | | | | | | >bool Item_field::add_field_to_cond_set_processor
T@10: | | | | | | | | | | | info: emp_no
T@10: | | | | | | | | | | <bool Item_field::add_field_to_cond_set_processor
T@10: | | | | | | | | | | >Optimize_table_order::greedy_search
T@10: | | | | | | | | | | | >Optimize_table_order::best_extension_by_limited_search
part_plan; idx: 0  best: DBL_MAX  atime: 0  itime: 0  count: 1
     POSITIONS: 

      BEST_REF: employees(9,276023,1) 
T@10: | | | | | | | | | | | | opt: (null): starting struct
T@10: | | | | | | | | | | | | opt: plan_prefix: starting struct
T@10: | | | | | | | | | | | | opt: plan_prefix: ending struct
T@10: | | | | | | | | | | | | opt: table: "`employees`"
T@10: | | | | | | | | | | | | >Optimize_table_order::best_access_path
T@10: | | | | | | | | | | | | | opt: best_access_path: starting struct
T@10: | | | | | | | | | | | | | opt: considered_access_paths: starting struct
T@10: | | | | | | | | | | | | | opt: (null): starting struct
T@10: | | | | | | | | | | | | | opt: rows_to_scan: 9
T@10: | | | | | | | | | | | | | opt: access_type: "range"
T@10: | | | | | | | | | | | | | opt: range_details: starting struct
T@10: | | | | | | | | | | | | | opt: used_index: "PRIMARY"
T@10: | | | | | | | | | | | | | opt: range_details: ending struct
T@10: | | | | | | | | | | | | | opt: resulting_rows: 9
T@10: | | | | | | | | | | | | | opt: cost: 2.81809
T@10: | | | | | | | | | | | | | opt: chosen: 1
T@10: | | | | | | | | | | | | | opt: (null): ending struct
T@10: | | | | | | | | | | | | | opt: considered_access_paths: ending struct
T@10: | | | | | | | | | | | | | opt: best_access_path: ending struct
T@10: | | | | | | | | | | | | <Optimize_table_order::best_access_path
T@10: | | | | | | | | | | | | opt: condition_filtering_pct: 100
T@10: | | | | | | | | | | | | opt: rows_for_plan: 9
T@10: | | | | | | | | | | | | opt: cost_for_plan: 2.81809
T@10: | | | | | | | | | | | | opt: chosen: 1
full_plan; idx :1  best: 2.81709  accumulated: 2.81809  increment: 2.81809  count: 9
     POSITIONS: employees 
BEST_POSITIONS: employees 
      BEST_REF: employees(9,276023,1) 
T@10: | | | | | | | | | | | | opt: (null): ending struct
T@10: | | | | | | | | | | | <Optimize_table_order::best_extension_by_limited_search
optimal; idx :1  best: 2.81709  accumulated: 0  increment: 0  count: 1
     POSITIONS: employees 
BEST_POSITIONS: employees 
      BEST_REF: employees(9,276023,1) 
T@10: | | | | | | | | | | <Optimize_table_order::greedy_search
T@10: | | | | | | | | | | >Optimize_table_order::fix_semijoin_strategies
T@10: | | | | | | | | | | <Optimize_table_order::fix_semijoin_strategies
T@10: | | | | | | | | | | opt: considered_execution_plans: ending struct
T@10: | | | | | | | | | | opt: (null): ending struct
T@10: | | | | | | | | | <Optimize_table_order::choose_table_order
T@10: | | | | | | | | | >JOIN::get_best_combination
T@10: | | | | | | | | | <JOIN::get_best_combination
T@10: | | | | | | | | <JOIN::make_join_plan

WHERE:(after substitute_best_equal) 0x7fff3001e1f8 (`employees`.`employees`.`emp_no` < 10010)
T@10: | | | | | | | | >JOIN::init_ref_access
T@10: | | | | | | | | <JOIN::init_ref_access
T@10: | | | | | | | | THD::enter_stage: 'preparing' /opt/src/mysql-server/sql/sql_optimizer.cc:778
T@10: | | | | | | | | >PROFILING::status_change
T@10: | | | | | | | | <PROFILING::status_change
T@10: | | | | | | | | >make_join_query_block
T@10: | | | | | | | | | >add_not_null_conds
T@10: | | | | | | | | | <add_not_null_conds

WHERE:(constants) (nil) 
T@10: | | | | | | | | | opt: (null): starting struct
T@10: | | | | | | | | | opt: attaching_conditions_to_tables: starting struct
T@10: | | | | | | | | | opt: original_condition: "(`employees`.`emp_no` < 10010)"
T@10: | | | | | | | | | opt: attached_conditions_computation: starting struct

WHERE:(employees) 0x7fff3001e1f8 (`employees`.`employees`.`emp_no` < 10010)

WHERE:(employees) 0x7fff3001e1f8 (`employees`.`employees`.`emp_no` < 10010)
T@10: | | | | | | | | | >JOIN::attach_join_conditions
T@10: | | | | | | | | | <JOIN::attach_join_conditions
T@10: | | | | | | | | | opt: attached_conditions_computation: ending struct
T@10: | | | | | | | | | opt: attached_conditions_summary: starting struct
T@10: | | | | | | | | | opt: (null): starting struct
T@10: | | | | | | | | | opt: table: "`employees`"
T@10: | | | | | | | | | opt: attached: "(`employees`.`emp_no` < 10010)"
T@10: | | | | | | | | | opt: (null): ending struct
T@10: | | | | | | | | | opt: attached_conditions_summary: ending struct
T@10: | | | | | | | | | opt: attaching_conditions_to_tables: ending struct
T@10: | | | | | | | | | opt: (null): ending struct
T@10: | | | | | | | | <make_join_query_block
T@10: | | | | | | | | >JOIN::optimize_distinct_group_order
T@10: | | | | | | | | | opt: (null): starting struct
T@10: | | | | | | | | | opt: optimizing_distinct_group_by_order_by: starting struct
T@10: | | | | | | | | | >JOIN::remove_const
T@10: | | | | | | | | | | opt: simplifying_order_by: starting struct
T@10: | | | | | | | | | | opt: original_clause: ""
T@10: | | | | | | | | | | opt: items: starting struct
T@10: | | | | | | | | | | >JOIN::update_depend_map
T@10: | | | | | | | | | | <JOIN::update_depend_map
T@10: | | | | | | | | | | exit: simple_order: 1
T@10: | | | | | | | | | | opt: items: ending struct
T@10: | | | | | | | | | | opt: resulting_clause_is_simple: 1
T@10: | | | | | | | | | | opt: resulting_clause: ""
T@10: | | | | | | | | | | opt: simplifying_order_by: ending struct
T@10: | | | | | | | | | <JOIN::remove_const
T@10: | | | | | | | | | >JOIN::remove_const
T@10: | | | | | | | | | | opt: simplifying_group_by: starting struct
T@10: | | | | | | | | | | opt: original_clause: ""
T@10: | | | | | | | | | | opt: items: starting struct
T@10: | | | | | | | | | | >JOIN::update_depend_map
T@10: | | | | | | | | | | <JOIN::update_depend_map
T@10: | | | | | | | | | | exit: simple_order: 1
T@10: | | | | | | | | | | opt: items: ending struct
T@10: | | | | | | | | | | opt: resulting_clause_is_simple: 1
T@10: | | | | | | | | | | opt: resulting_clause: ""
T@10: | | | | | | | | | | opt: simplifying_group_by: ending struct
T@10: | | | | | | | | | <JOIN::remove_const
T@10: | | | | | | | | | >calc_group_buffer
T@10: | | | | | | | | | <calc_group_buffer
T@10: | | | | | | | | | >bitmap_init
T@10: | | | | | | | | | <bitmap_init
T@10: | | | | | | | | | >JOIN::make_sum_func_list
T@10: | | | | | | | | | <JOIN::make_sum_func_list
T@10: | | | | | | | | | opt: optimizing_distinct_group_by_order_by: ending struct
T@10: | | | | | | | | | opt: (null): ending struct
T@10: | | | | | | | | <JOIN::optimize_distinct_group_order
T@10: | | | | | | | | >JOIN::replace_index_subquery
T@10: | | | | | | | | <JOIN::replace_index_subquery
T@10: | | | | | | | | >TEST_join

Info about JOIN
employees         type: range    q_keys: 1  refs: 0  key: -1  len: 0
                  quick select used:
                  quick range select, key PRIMARY, length: 4
T@10: | | | | | | | | <TEST_join
T@10: | | | | | | | | >MEM_ROOT::AllocSlow
T@10: | | | | | | | | | enter: root: 0x7fff300aed10
T@10: | | | | | | | | | >MEM_ROOT::AllocBlock
T@10: | | | | | | | | | | >char* PFS_instr_name::str
T@10: | | | | | | | | | | <char* PFS_instr_name::str
T@10: | | | | | | | | | <MEM_ROOT::AllocBlock
T@10: | | | | | | | | <MEM_ROOT::AllocSlow
T@10: | | | | | | | | >JOIN::test_skip_sort
T@10: | | | | | | | | <JOIN::test_skip_sort
T@10: | | | | | | | | opt: (null): starting struct
T@10: | | | | | | | | opt: finalizing_table_conditions: starting struct
T@10: | | | | | | | | opt: (null): starting struct
T@10: | | | | | | | | opt: table: "`employees`"
T@10: | | | | | | | | opt: original_table_condition: "(`employees`.`emp_no` < 10010)"
T@10: | | | | | | | | >reduce_cond_for_table

WHERE:(cond term) 0x7fff3001e1f8 (`employees`.`employees`.`emp_no` < 10010)
T@10: | | | | | | | | <reduce_cond_for_table
T@10: | | | | | | | | opt: final_table_condition   : "(`employees`.`emp_no` < 10010)"
T@10: | | | | | | | | opt: (null): ending struct
T@10: | | | | | | | | opt: finalizing_table_conditions: ending struct
T@10: | | | | | | | | opt: (null): ending struct
T@10: | | | | | | | | >make_join_readinfo
T@10: | | | | | | | | | opt: (null): starting struct
T@10: | | | | | | | | | opt: refine_plan: starting struct
T@10: | | | | | | | | | >setup_semijoin_dups_elimination
T@10: | | | | | | | | | <setup_semijoin_dups_elimination
T@10: | | | | | | | | | opt: (null): starting struct
T@10: | | | | | | | | | opt: table: "`employees`"
T@10: | | | | | | | | | >QEP_TAB::push_index_cond
T@10: | | | | | | | | | <QEP_TAB::push_index_cond
T@10: | | | | | | | | | opt: (null): ending struct
T@10: | | | | | | | | | opt: refine_plan: ending struct
T@10: | | | | | | | | | opt: (null): ending struct
T@10: | | | | | | | | <make_join_readinfo
T@10: | | | | | | | | opt: (null): starting struct
T@10: | | | | | | | | opt: considering_tmp_tables: starting struct
T@10: | | | | | | | | >JOIN::make_tmp_tables_info
T@10: | | | | | | | | | >JOIN::get_end_select_func
T@10: | | | | | | | | | | info: Using end_send
T@10: | | | | | | | | | <JOIN::get_end_select_func
T@10: | | | | | | | | <JOIN::make_tmp_tables_info
T@10: | | | | | | | | opt: considering_tmp_tables: ending struct
T@10: | | | | | | | | opt: (null): ending struct
T@10: | | | | | | | | >count_field_types
T@10: | | | | | | | | <count_field_types
T@10: | | | | | | | | >JOIN::push_to_engines
T@10: | | | | | | | | <JOIN::push_to_engines
T@10: | | | | | | | | opt: steps: ending struct
T@10: | | | | | | | | opt: join_optimization: ending struct
T@10: | | | | | | | | opt: (null): ending struct
T@10: | | | | | | | <JOIN::optimize
T@10: | | | | | | <Query_block::optimize
T@10: | | | | | | >TABLE*, ha_rows*, double, uint, bool, bool, MEM_ROOT*, uint, uint, Bounds_checked_array<QUICK_RANGE*>)
T@10: | | | | | | <TABLE*, ha_rows*, double, uint, bool, bool, MEM_ROOT*, uint, uint, Bounds_checked_array<QUICK_RANGE*>)
T@10: | | | | | <Query_expression::optimize
T@10: | | | | | >Query_expression::execute
T@10: | | | | | | THD::enter_stage: 'executing' /opt/src/mysql-server/sql/sql_union.cc:1670
T@10: | | | | | | >PROFILING::status_change
T@10: | | | | | | <PROFILING::status_change
T@10: | | | | | | opt: (null): starting struct
T@10: | | | | | | opt: join_execution: starting struct
T@10: | | | | | | opt: select#: 1
T@10: | | | | | | opt: steps: starting struct
T@10: | | | | | | >THD::send_result_metadata
T@10: | | | | | | | >bool Protocol_classic::start_result_metadata
T@10: | | | | | | | | info: num_cols 4, flags 5
T@10: | | | | | | | | net write: Memory: 0x7fffe03eed0f  Bytes: (1)
04 
T@10: | | | | | | | | >vio_is_blocking
T@10: | | | | | | | | <vio_is_blocking
T@10: | | | | | | | | >net_write_buff
T@10: | | | | | | | | <net_write_buff
T@10: | | | | | | | | >net_write_buff
T@10: | | | | | | | | <net_write_buff
T@10: | | | | | | | <bool Protocol_classic::start_result_metadata
T@10: | | | | | | | >bool Protocol_classic::send_field_metadata
T@10: | | | | | | | <bool Protocol_classic::send_field_metadata
T@10: | | | | | | | >bool Protocol_classic::end_row
T@10: | | | | | | | | net write: Memory: 0x7fff30006500  Bytes: (61)
03 64 65 66 09 65 6D 70 6C 6F 79 65 65 73 09 65 6D 70 6C 6F 79 65 65 73 09 65 
6D 70 6C 6F 79 65 65 73 06 65 6D 70 5F 6E 6F 06 65 6D 70 5F 6E 6F 0C 3F 00 0B 
00 00 00 03 03 50 00 00 00 
T@10: | | | | | | | | >vio_is_blocking
T@10: | | | | | | | | <vio_is_blocking
T@10: | | | | | | | | >net_write_buff
T@10: | | | | | | | | <net_write_buff
T@10: | | | | | | | | >net_write_buff
T@10: | | | | | | | | <net_write_buff
T@10: | | | | | | | <bool Protocol_classic::end_row
T@10: | | | | | | | >bool Protocol_classic::send_field_metadata
T@10: | | | | | | | <bool Protocol_classic::send_field_metadata
T@10: | | | | | | | >bool Protocol_classic::end_row
T@10: | | | | | | | | net write: Memory: 0x7fff30006500  Bytes: (69)
03 64 65 66 09 65 6D 70 6C 6F 79 65 65 73 09 65 6D 70 6C 6F 79 65 65 73 09 65 
6D 70 6C 6F 79 65 65 73 0A 66 69 72 73 74 5F 6E 61 6D 65 0A 66 69 72 73 74 5F 
6E 61 6D 65 0C FF 00 38 00 00 00 FD 01 10 00 00 00 
T@10: | | | | | | | | >vio_is_blocking
T@10: | | | | | | | | <vio_is_blocking
T@10: | | | | | | | | >net_write_buff
T@10: | | | | | | | | <net_write_buff
T@10: | | | | | | | | >net_write_buff
T@10: | | | | | | | | <net_write_buff
T@10: | | | | | | | <bool Protocol_classic::end_row
T@10: | | | | | | | >bool Protocol_classic::send_field_metadata
T@10: | | | | | | | <bool Protocol_classic::send_field_metadata
T@10: | | | | | | | >bool Protocol_classic::end_row
T@10: | | | | | | | | net write: Memory: 0x7fff30006500  Bytes: (69)
03 64 65 66 09 65 6D 70 6C 6F 79 65 65 73 09 65 6D 70 6C 6F 79 65 65 73 09 65 
6D 70 6C 6F 79 65 65 73 0A 62 69 72 74 68 5F 64 61 74 65 0A 62 69 72 74 68 5F 
64 61 74 65 0C 3F 00 0A 00 00 00 0A 81 10 00 00 00 
T@10: | | | | | | | | >vio_is_blocking
T@10: | | | | | | | | <vio_is_blocking
T@10: | | | | | | | | >net_write_buff
T@10: | | | | | | | | <net_write_buff
T@10: | | | | | | | | >net_write_buff
T@10: | | | | | | | | <net_write_buff
T@10: | | | | | | | <bool Protocol_classic::end_row
T@10: | | | | | | | >bool Protocol_classic::send_field_metadata
T@10: | | | | | | | <bool Protocol_classic::send_field_metadata
T@10: | | | | | | | >bool Protocol_classic::end_row
T@10: | | | | | | | | net write: Memory: 0x7fff30006500  Bytes: (25)
03 64 65 66 00 00 00 03 61 67 65 00 0C 3F 00 15 00 00 00 08 80 00 00 00 00 
T@10: | | | | | | | | >vio_is_blocking
T@10: | | | | | | | | <vio_is_blocking
T@10: | | | | | | | | >net_write_buff
T@10: | | | | | | | | <net_write_buff
T@10: | | | | | | | | >net_write_buff
T@10: | | | | | | | | <net_write_buff
T@10: | | | | | | | <bool Protocol_classic::end_row
T@10: | | | | | | | >bool Protocol_classic::end_result_metadata
T@10: | | | | | | | | info: num_cols 4, flags 5
T@10: | | | | | | | <bool Protocol_classic::end_result_metadata
T@10: | | | | | | <THD::send_result_metadata
T@10: | | | | | | >bitmap_init
T@10: | | | | | | <bitmap_init
T@10: | | | | | | >InitIndexRangeScan
T@10: | | | | | | | >handler::ha_index_init
T@10: | | | | | | | | >int ha_innobase::index_init
T@10: | | | | | | | | | >ha_innobase::change_active_index
T@10: | | | | | | | | | | >dict_index_t* ha_innobase::innobase_get_index
T@10: | | | | | | | | | | <dict_index_t* ha_innobase::innobase_get_index
T@10: | | | | | | | | | <ha_innobase::change_active_index
T@10: | | | | | | | | <int ha_innobase::index_init
T@10: | | | | | | | <handler::ha_index_init
T@10: | | | | | | <InitIndexRangeScan
T@10: | | | | | | >DsMrr_impl::dsmrr_init
T@10: | | | | | | | >int handler::multi_range_read_init
T@10: | | | | | | | <int handler::multi_range_read_init
T@10: | | | | | | <DsMrr_impl::dsmrr_init
T@10: | | | | | | >int IndexRangeScanIterator::Read
T@10: | | | | | | | >handler::ha_multi_range_read_next
T@10: | | | | | | | | >int handler::multi_range_read_next
T@10: | | | | | | | | | >int handler::read_range_first
T@10: | | | | | | | | | | >handler::ha_index_first
T@10: | | | | | | | | | | | >int ha_innobase::index_first
T@10: | | | | | | | | | | | | >int ha_innobase::index_read
T@10: | | | | | | | | | | | | | >row_search_mvcc
T@10: | | | | | | | | | | | | | | >row_sel_store_mysql_rec
T@10: | | | | | | | | | | | | | | | >row_sel_store_mysql_field
T@10: | | | | | | | | | | | | | | | <row_sel_store_mysql_field
T@10: | | | | | | | | | | | | | | | >row_sel_store_mysql_field
T@10: | | | | | | | | | | | | | | | <row_sel_store_mysql_field
T@10: | | | | | | | | | | | | | | | >row_sel_store_mysql_field
T@10: | | | | | | | | | | | | | | | <row_sel_store_mysql_field
T@10: | | | | | | | | | | | | | | <row_sel_store_mysql_rec
T@10: | | | | | | | | | | | | | <row_search_mvcc
T@10: | | | | | | | | | | | | <int ha_innobase::index_read
T@10: | | | | | | | | | | | <int ha_innobase::index_first
T@10: | | | | | | | | | | <handler::ha_index_first
T@10: | | | | | | | | | <int handler::read_range_first
T@10: | | | | | | | | | exit: handler::multi_range_read_next result 0
T@10: | | | | | | | | <int handler::multi_range_read_next
T@10: | | | | | | | <handler::ha_multi_range_read_next
T@10: | | | | | | <int IndexRangeScanIterator::Read
T@10: | | | | | | >bool Query_result_send::send_data
T@10: | | | | | | | >THD::send_result_set_row
T@10: | | | | | | | <THD::send_result_set_row
T@10: | | | | | | | >bool Protocol_classic::end_row
T@10: | | | | | | | | net write: Memory: 0x7fff30006500  Bytes: (27)
05 31 30 30 30 31 06 47 65 6F 72 67 69 0A 31 39 35 33 2D 30 39 2D 30 32 02 37 
31 
T@10: | | | | | | | | >vio_is_blocking
T@10: | | | | | | | | <vio_is_blocking
T@10: | | | | | | | | >net_write_buff
T@10: | | | | | | | | <net_write_buff
T@10: | | | | | | | | >net_write_buff
T@10: | | | | | | | | <net_write_buff
T@10: | | | | | | | <bool Protocol_classic::end_row
T@10: | | | | | | <bool Query_result_send::send_data
T@10: | | | | | | >int IndexRangeScanIterator::Read
T@10: | | | | | | | >handler::ha_multi_range_read_next
T@10: | | | | | | | | >int handler::multi_range_read_next
T@10: | | | | | | | | | >int handler::read_range_next
T@10: | | | | | | | | | | >handler::ha_index_next
T@10: | | | | | | | | | | | >ha_innobase::general_fetch
T@10: | | | | | | | | | | | | >row_search_mvcc
T@10: | | | | | | | | | | | | | >row_sel_store_mysql_rec
T@10: | | | | | | | | | | | | | | >row_sel_store_mysql_field
T@10: | | | | | | | | | | | | | | <row_sel_store_mysql_field
T@10: | | | | | | | | | | | | | | >row_sel_store_mysql_field
T@10: | | | | | | | | | | | | | | <row_sel_store_mysql_field
T@10: | | | | | | | | | | | | | | >row_sel_store_mysql_field
T@10: | | | | | | | | | | | | | | <row_sel_store_mysql_field
T@10: | | | | | | | | | | | | | <row_sel_store_mysql_rec
T@10: | | | | | | | | | | | | <row_search_mvcc
T@10: | | | | | | | | | | | <ha_innobase::general_fetch
T@10: | | | | | | | | | | <handler::ha_index_next
T@10: | | | | | | | | | <int handler::read_range_next
T@10: | | | | | | | | | exit: handler::multi_range_read_next result 0
T@10: | | | | | | | | <int handler::multi_range_read_next
T@10: | | | | | | | <handler::ha_multi_range_read_next
T@10: | | | | | | <int IndexRangeScanIterator::Read
T@10: | | | | | | >bool Query_result_send::send_data
T@10: | | | | | | | >THD::send_result_set_row
T@10: | | | | | | | <THD::send_result_set_row
T@10: | | | | | | | >bool Protocol_classic::end_row
T@10: | | | | | | | | net write: Memory: 0x7fff30006500  Bytes: (28)
05 31 30 30 30 32 07 42 65 7A 61 6C 65 6C 0A 31 39 36 34 2D 30 36 2D 30 32 02 
36 31 
T@10: | | | | | | | | >vio_is_blocking
T@10: | | | | | | | | <vio_is_blocking
T@10: | | | | | | | | >net_write_buff
T@10: | | | | | | | | <net_write_buff
T@10: | | | | | | | | >net_write_buff
T@10: | | | | | | | | <net_write_buff
T@10: | | | | | | | <bool Protocol_classic::end_row
T@10: | | | | | | <bool Query_result_send::send_data
T@10: | | | | | | >int IndexRangeScanIterator::Read
T@10: | | | | | | | >handler::ha_multi_range_read_next
T@10: | | | | | | | | >int handler::multi_range_read_next
T@10: | | | | | | | | | >int handler::read_range_next
T@10: | | | | | | | | | | >handler::ha_index_next
T@10: | | | | | | | | | | | >ha_innobase::general_fetch
T@10: | | | | | | | | | | | | >row_search_mvcc
T@10: | | | | | | | | | | | | | >row_sel_store_mysql_rec
T@10: | | | | | | | | | | | | | | >row_sel_store_mysql_field
T@10: | | | | | | | | | | | | | | <row_sel_store_mysql_field
T@10: | | | | | | | | | | | | | | >row_sel_store_mysql_field
T@10: | | | | | | | | | | | | | | <row_sel_store_mysql_field
T@10: | | | | | | | | | | | | | | >row_sel_store_mysql_field
T@10: | | | | | | | | | | | | | | <row_sel_store_mysql_field
T@10: | | | | | | | | | | | | | <row_sel_store_mysql_rec
T@10: | | | | | | | | | | | | <row_search_mvcc
T@10: | | | | | | | | | | | <ha_innobase::general_fetch
T@10: | | | | | | | | | | <handler::ha_index_next
T@10: | | | | | | | | | <int handler::read_range_next
T@10: | | | | | | | | | exit: handler::multi_range_read_next result 0
T@10: | | | | | | | | <int handler::multi_range_read_next
T@10: | | | | | | | <handler::ha_multi_range_read_next
T@10: | | | | | | <int IndexRangeScanIterator::Read
T@10: | | | | | | >bool Query_result_send::send_data
T@10: | | | | | | | >THD::send_result_set_row
T@10: | | | | | | | <THD::send_result_set_row
T@10: | | | | | | | >bool Protocol_classic::end_row
T@10: | | | | | | | | net write: Memory: 0x7fff30006500  Bytes: (26)
05 31 30 30 30 33 05 50 61 72 74 6F 0A 31 39 35 39 2D 31 32 2D 30 33 02 36 35 
T@10: | | | | | | | | >vio_is_blocking
T@10: | | | | | | | | <vio_is_blocking
T@10: | | | | | | | | >net_write_buff
T@10: | | | | | | | | <net_write_buff
T@10: | | | | | | | | >net_write_buff
T@10: | | | | | | | | <net_write_buff
T@10: | | | | | | | <bool Protocol_classic::end_row
T@10: | | | | | | <bool Query_result_send::send_data
T@10: | | | | | | >int IndexRangeScanIterator::Read
T@10: | | | | | | | >handler::ha_multi_range_read_next
T@10: | | | | | | | | >int handler::multi_range_read_next
T@10: | | | | | | | | | >int handler::read_range_next
T@10: | | | | | | | | | | >handler::ha_index_next
T@10: | | | | | | | | | | | >ha_innobase::general_fetch
T@10: | | | | | | | | | | | | >row_search_mvcc
T@10: | | | | | | | | | | | | | >row_sel_store_mysql_rec
T@10: | | | | | | | | | | | | | | >row_sel_store_mysql_field
T@10: | | | | | | | | | | | | | | <row_sel_store_mysql_field
T@10: | | | | | | | | | | | | | | >row_sel_store_mysql_field
T@10: | | | | | | | | | | | | | | <row_sel_store_mysql_field
T@10: | | | | | | | | | | | | | | >row_sel_store_mysql_field
T@10: | | | | | | | | | | | | | | <row_sel_store_mysql_field
T@10: | | | | | | | | | | | | | <row_sel_store_mysql_rec
T@10: | | | | | | | | | | | | <row_search_mvcc
T@10: | | | | | | | | | | | <ha_innobase::general_fetch
T@10: | | | | | | | | | | <handler::ha_index_next
T@10: | | | | | | | | | <int handler::read_range_next
T@10: | | | | | | | | | exit: handler::multi_range_read_next result 0
T@10: | | | | | | | | <int handler::multi_range_read_next
T@10: | | | | | | | <handler::ha_multi_range_read_next
T@10: | | | | | | <int IndexRangeScanIterator::Read
T@10: | | | | | | >bool Query_result_send::send_data
T@10: | | | | | | | >THD::send_result_set_row
T@10: | | | | | | | <THD::send_result_set_row
T@10: | | | | | | | >bool Protocol_classic::end_row
T@10: | | | | | | | | net write: Memory: 0x7fff30006500  Bytes: (30)
05 31 30 30 30 34 09 43 68 69 72 73 74 69 61 6E 0A 31 39 35 34 2D 30 35 2D 30 
31 02 37 31 
T@10: | | | | | | | | >vio_is_blocking
T@10: | | | | | | | | <vio_is_blocking
T@10: | | | | | | | | >net_write_buff
T@10: | | | | | | | | <net_write_buff
T@10: | | | | | | | | >net_write_buff
T@10: | | | | | | | | <net_write_buff
T@10: | | | | | | | <bool Protocol_classic::end_row
T@10: | | | | | | <bool Query_result_send::send_data
T@10: | | | | | | >int IndexRangeScanIterator::Read
T@10: | | | | | | | >handler::ha_multi_range_read_next
T@10: | | | | | | | | >int handler::multi_range_read_next
T@10: | | | | | | | | | >int handler::read_range_next
T@10: | | | | | | | | | | >handler::ha_index_next
T@10: | | | | | | | | | | | >ha_innobase::general_fetch
T@10: | | | | | | | | | | | | >row_search_mvcc
T@10: | | | | | | | | | | | | | >row_sel_store_mysql_rec
T@10: | | | | | | | | | | | | | | >row_sel_store_mysql_field
T@10: | | | | | | | | | | | | | | <row_sel_store_mysql_field
T@10: | | | | | | | | | | | | | | >row_sel_store_mysql_field
T@10: | | | | | | | | | | | | | | <row_sel_store_mysql_field
T@10: | | | | | | | | | | | | | | >row_sel_store_mysql_field
T@10: | | | | | | | | | | | | | | <row_sel_store_mysql_field
T@10: | | | | | | | | | | | | | <row_sel_store_mysql_rec
T@10: | | | | | | | | | | | | | >row_sel_store_mysql_rec
T@10: | | | | | | | | | | | | | | >row_sel_store_mysql_field
T@10: | | | | | | | | | | | | | | <row_sel_store_mysql_field
T@10: | | | | | | | | | | | | | | >row_sel_store_mysql_field
T@10: | | | | | | | | | | | | | | <row_sel_store_mysql_field
T@10: | | | | | | | | | | | | | | >row_sel_store_mysql_field
T@10: | | | | | | | | | | | | | | <row_sel_store_mysql_field
T@10: | | | | | | | | | | | | | <row_sel_store_mysql_rec
T@10: | | | | | | | | | | | | | >row_sel_store_mysql_rec
T@10: | | | | | | | | | | | | | | >row_sel_store_mysql_field
T@10: | | | | | | | | | | | | | | <row_sel_store_mysql_field
T@10: | | | | | | | | | | | | | | >row_sel_store_mysql_field
T@10: | | | | | | | | | | | | | | <row_sel_store_mysql_field
T@10: | | | | | | | | | | | | | | >row_sel_store_mysql_field
T@10: | | | | | | | | | | | | | | <row_sel_store_mysql_field
T@10: | | | | | | | | | | | | | <row_sel_store_mysql_rec
T@10: | | | | | | | | | | | | | >row_sel_store_mysql_rec
T@10: | | | | | | | | | | | | | | >row_sel_store_mysql_field
T@10: | | | | | | | | | | | | | | <row_sel_store_mysql_field
T@10: | | | | | | | | | | | | | | >row_sel_store_mysql_field
T@10: | | | | | | | | | | | | | | <row_sel_store_mysql_field
T@10: | | | | | | | | | | | | | | >row_sel_store_mysql_field
T@10: | | | | | | | | | | | | | | <row_sel_store_mysql_field
T@10: | | | | | | | | | | | | | <row_sel_store_mysql_rec
T@10: | | | | | | | | | | | | | >row_sel_store_mysql_rec
T@10: | | | | | | | | | | | | | | >row_sel_store_mysql_field
T@10: | | | | | | | | | | | | | | <row_sel_store_mysql_field
T@10: | | | | | | | | | | | | | | >row_sel_store_mysql_field
T@10: | | | | | | | | | | | | | | <row_sel_store_mysql_field
T@10: | | | | | | | | | | | | | | >row_sel_store_mysql_field
T@10: | | | | | | | | | | | | | | <row_sel_store_mysql_field
T@10: | | | | | | | | | | | | | <row_sel_store_mysql_rec
T@10: | | | | | | | | | | | | | >row_sel_store_mysql_rec
T@10: | | | | | | | | | | | | | | >row_sel_store_mysql_field
T@10: | | | | | | | | | | | | | | <row_sel_store_mysql_field
T@10: | | | | | | | | | | | | | | >row_sel_store_mysql_field
T@10: | | | | | | | | | | | | | | <row_sel_store_mysql_field
T@10: | | | | | | | | | | | | | | >row_sel_store_mysql_field
T@10: | | | | | | | | | | | | | | <row_sel_store_mysql_field
T@10: | | | | | | | | | | | | | <row_sel_store_mysql_rec
T@10: | | | | | | | | | | | | | >row_sel_store_mysql_rec
T@10: | | | | | | | | | | | | | | >row_sel_store_mysql_field
T@10: | | | | | | | | | | | | | | <row_sel_store_mysql_field
T@10: | | | | | | | | | | | | | | >row_sel_store_mysql_field
T@10: | | | | | | | | | | | | | | <row_sel_store_mysql_field
T@10: | | | | | | | | | | | | | | >row_sel_store_mysql_field
T@10: | | | | | | | | | | | | | | <row_sel_store_mysql_field
T@10: | | | | | | | | | | | | | <row_sel_store_mysql_rec
T@10: | | | | | | | | | | | | | >row_sel_store_mysql_rec
T@10: | | | | | | | | | | | | | | >row_sel_store_mysql_field
T@10: | | | | | | | | | | | | | | <row_sel_store_mysql_field
T@10: | | | | | | | | | | | | | | >row_sel_store_mysql_field
T@10: | | | | | | | | | | | | | | <row_sel_store_mysql_field
T@10: | | | | | | | | | | | | | | >row_sel_store_mysql_field
T@10: | | | | | | | | | | | | | | <row_sel_store_mysql_field
T@10: | | | | | | | | | | | | | <row_sel_store_mysql_rec
T@10: | | | | | | | | | | | | | >row_sel_store_mysql_rec
T@10: | | | | | | | | | | | | | | >row_sel_store_mysql_field
T@10: | | | | | | | | | | | | | | <row_sel_store_mysql_field
T@10: | | | | | | | | | | | | | | >row_sel_store_mysql_field
T@10: | | | | | | | | | | | | | | <row_sel_store_mysql_field
T@10: | | | | | | | | | | | | | | >row_sel_store_mysql_field
T@10: | | | | | | | | | | | | | | <row_sel_store_mysql_field
T@10: | | | | | | | | | | | | | <row_sel_store_mysql_rec
T@10: | | | | | | | | | | | | <row_search_mvcc
T@10: | | | | | | | | | | | <ha_innobase::general_fetch
T@10: | | | | | | | | | | <handler::ha_index_next
T@10: | | | | | | | | | <int handler::read_range_next
T@10: | | | | | | | | | exit: handler::multi_range_read_next result 0
T@10: | | | | | | | | <int handler::multi_range_read_next
T@10: | | | | | | | <handler::ha_multi_range_read_next
T@10: | | | | | | <int IndexRangeScanIterator::Read
T@10: | | | | | | >bool Query_result_send::send_data
T@10: | | | | | | | >THD::send_result_set_row
T@10: | | | | | | | <THD::send_result_set_row
T@10: | | | | | | | >bool Protocol_classic::end_row
T@10: | | | | | | | | net write: Memory: 0x7fff30006500  Bytes: (28)
05 31 30 30 30 35 07 4B 79 6F 69 63 68 69 0A 31 39 35 35 2D 30 31 2D 32 31 02 
37 30 
T@10: | | | | | | | | >vio_is_blocking
T@10: | | | | | | | | <vio_is_blocking
T@10: | | | | | | | | >net_write_buff
T@10: | | | | | | | | <net_write_buff
T@10: | | | | | | | | >net_write_buff
T@10: | | | | | | | | <net_write_buff
T@10: | | | | | | | <bool Protocol_classic::end_row
T@10: | | | | | | <bool Query_result_send::send_data
T@10: | | | | | | >int IndexRangeScanIterator::Read
T@10: | | | | | | | >handler::ha_multi_range_read_next
T@10: | | | | | | | | >int handler::multi_range_read_next
T@10: | | | | | | | | | >int handler::read_range_next
T@10: | | | | | | | | | | >handler::ha_index_next
T@10: | | | | | | | | | | | >ha_innobase::general_fetch
T@10: | | | | | | | | | | | | >row_search_mvcc
T@10: | | | | | | | | | | | | <row_search_mvcc
T@10: | | | | | | | | | | | <ha_innobase::general_fetch
T@10: | | | | | | | | | | <handler::ha_index_next
T@10: | | | | | | | | | <int handler::read_range_next
T@10: | | | | | | | | | exit: handler::multi_range_read_next result 0
T@10: | | | | | | | | <int handler::multi_range_read_next
T@10: | | | | | | | <handler::ha_multi_range_read_next
T@10: | | | | | | <int IndexRangeScanIterator::Read
T@10: | | | | | | >bool Query_result_send::send_data
T@10: | | | | | | | >THD::send_result_set_row
T@10: | | | | | | | <THD::send_result_set_row
T@10: | | | | | | | >bool Protocol_classic::end_row
T@10: | | | | | | | | net write: Memory: 0x7fff30006500  Bytes: (27)
05 31 30 30 30 36 06 41 6E 6E 65 6B 65 0A 31 39 35 33 2D 30 34 2D 32 30 02 37 
32 
T@10: | | | | | | | | >vio_is_blocking
T@10: | | | | | | | | <vio_is_blocking
T@10: | | | | | | | | >net_write_buff
T@10: | | | | | | | | <net_write_buff
T@10: | | | | | | | | >net_write_buff
T@10: | | | | | | | | <net_write_buff
T@10: | | | | | | | <bool Protocol_classic::end_row
T@10: | | | | | | <bool Query_result_send::send_data
T@10: | | | | | | >int IndexRangeScanIterator::Read
T@10: | | | | | | | >handler::ha_multi_range_read_next
T@10: | | | | | | | | >int handler::multi_range_read_next
T@10: | | | | | | | | | >int handler::read_range_next
T@10: | | | | | | | | | | >handler::ha_index_next
T@10: | | | | | | | | | | | >ha_innobase::general_fetch
T@10: | | | | | | | | | | | | >row_search_mvcc
T@10: | | | | | | | | | | | | <row_search_mvcc
T@10: | | | | | | | | | | | <ha_innobase::general_fetch
T@10: | | | | | | | | | | <handler::ha_index_next
T@10: | | | | | | | | | <int handler::read_range_next
T@10: | | | | | | | | | exit: handler::multi_range_read_next result 0
T@10: | | | | | | | | <int handler::multi_range_read_next
T@10: | | | | | | | <handler::ha_multi_range_read_next
T@10: | | | | | | <int IndexRangeScanIterator::Read
T@10: | | | | | | >bool Query_result_send::send_data
T@10: | | | | | | | >THD::send_result_set_row
T@10: | | | | | | | <THD::send_result_set_row
T@10: | | | | | | | >bool Protocol_classic::end_row
T@10: | | | | | | | | net write: Memory: 0x7fff30006500  Bytes: (28)
05 31 30 30 30 37 07 54 7A 76 65 74 61 6E 0A 31 39 35 37 2D 30 35 2D 32 33 02 
36 38 
T@10: | | | | | | | | >vio_is_blocking
T@10: | | | | | | | | <vio_is_blocking
T@10: | | | | | | | | >net_write_buff
T@10: | | | | | | | | <net_write_buff
T@10: | | | | | | | | >net_write_buff
T@10: | | | | | | | | <net_write_buff
T@10: | | | | | | | <bool Protocol_classic::end_row
T@10: | | | | | | <bool Query_result_send::send_data
T@10: | | | | | | >int IndexRangeScanIterator::Read
T@10: | | | | | | | >handler::ha_multi_range_read_next
T@10: | | | | | | | | >int handler::multi_range_read_next
T@10: | | | | | | | | | >int handler::read_range_next
T@10: | | | | | | | | | | >handler::ha_index_next
T@10: | | | | | | | | | | | >ha_innobase::general_fetch
T@10: | | | | | | | | | | | | >row_search_mvcc
T@10: | | | | | | | | | | | | <row_search_mvcc
T@10: | | | | | | | | | | | <ha_innobase::general_fetch
T@10: | | | | | | | | | | <handler::ha_index_next
T@10: | | | | | | | | | <int handler::read_range_next
T@10: | | | | | | | | | exit: handler::multi_range_read_next result 0
T@10: | | | | | | | | <int handler::multi_range_read_next
T@10: | | | | | | | <handler::ha_multi_range_read_next
T@10: | | | | | | <int IndexRangeScanIterator::Read
T@10: | | | | | | >bool Query_result_send::send_data
T@10: | | | | | | | >THD::send_result_set_row
T@10: | | | | | | | <THD::send_result_set_row
T@10: | | | | | | | >bool Protocol_classic::end_row
T@10: | | | | | | | | net write: Memory: 0x7fff30006500  Bytes: (27)
05 31 30 30 30 38 06 53 61 6E 69 79 61 0A 31 39 35 38 2D 30 32 2D 31 39 02 36 
37 
T@10: | | | | | | | | >vio_is_blocking
T@10: | | | | | | | | <vio_is_blocking
T@10: | | | | | | | | >net_write_buff
T@10: | | | | | | | | <net_write_buff
T@10: | | | | | | | | >net_write_buff
T@10: | | | | | | | | <net_write_buff
T@10: | | | | | | | <bool Protocol_classic::end_row
T@10: | | | | | | <bool Query_result_send::send_data
T@10: | | | | | | >int IndexRangeScanIterator::Read
T@10: | | | | | | | >handler::ha_multi_range_read_next
T@10: | | | | | | | | >int handler::multi_range_read_next
T@10: | | | | | | | | | >int handler::read_range_next
T@10: | | | | | | | | | | >handler::ha_index_next
T@10: | | | | | | | | | | | >ha_innobase::general_fetch
T@10: | | | | | | | | | | | | >row_search_mvcc
T@10: | | | | | | | | | | | | <row_search_mvcc
T@10: | | | | | | | | | | | <ha_innobase::general_fetch
T@10: | | | | | | | | | | <handler::ha_index_next
T@10: | | | | | | | | | <int handler::read_range_next
T@10: | | | | | | | | | exit: handler::multi_range_read_next result 0
T@10: | | | | | | | | <int handler::multi_range_read_next
T@10: | | | | | | | <handler::ha_multi_range_read_next
T@10: | | | | | | <int IndexRangeScanIterator::Read
T@10: | | | | | | >bool Query_result_send::send_data
T@10: | | | | | | | >THD::send_result_set_row
T@10: | | | | | | | <THD::send_result_set_row
T@10: | | | | | | | >bool Protocol_classic::end_row
T@10: | | | | | | | | net write: Memory: 0x7fff30006500  Bytes: (27)
05 31 30 30 30 39 06 53 75 6D 61 6E 74 0A 31 39 35 32 2D 30 34 2D 31 39 02 37 
33 
T@10: | | | | | | | | >vio_is_blocking
T@10: | | | | | | | | <vio_is_blocking
T@10: | | | | | | | | >net_write_buff
T@10: | | | | | | | | <net_write_buff
T@10: | | | | | | | | >net_write_buff
T@10: | | | | | | | | <net_write_buff
T@10: | | | | | | | <bool Protocol_classic::end_row
T@10: | | | | | | <bool Query_result_send::send_data
T@10: | | | | | | >int IndexRangeScanIterator::Read
T@10: | | | | | | | >handler::ha_multi_range_read_next
T@10: | | | | | | | | >int handler::multi_range_read_next
T@10: | | | | | | | | | >int handler::read_range_next
T@10: | | | | | | | | | | >handler::ha_index_next
T@10: | | | | | | | | | | | >ha_innobase::general_fetch
T@10: | | | | | | | | | | | | >row_search_mvcc
T@10: | | | | | | | | | | | | <row_search_mvcc
T@10: | | | | | | | | | | | <ha_innobase::general_fetch
T@10: | | | | | | | | | | <handler::ha_index_next
T@10: | | | | | | | | | | >void ha_innobase::unlock_row
T@10: | | | | | | | | | | <void ha_innobase::unlock_row
T@10: | | | | | | | | | <int handler::read_range_next
T@10: | | | | | | | | | exit: handler::multi_range_read_next result 137
T@10: | | | | | | | | <int handler::multi_range_read_next
T@10: | | | | | | | <handler::ha_multi_range_read_next
T@10: | | | | | | <int IndexRangeScanIterator::Read
T@10: | | | | | | >JOIN::join_free
T@10: | | | | | | | >JOIN::cleanup
T@10: | | | | | | | | >handler::ha_index_end
T@10: | | | | | | | | | >int ha_innobase::index_end
T@10: | | | | | | | | | | >DsMrr_impl::dsmrr_close
T@10: | | | | | | | | | | <DsMrr_impl::dsmrr_close
T@10: | | | | | | | | | <int ha_innobase::index_end
T@10: | | | | | | | | <handler::ha_index_end
T@10: | | | | | | | | >free_io_cache
T@10: | | | | | | | | <free_io_cache
T@10: | | | | | | | | >filesort_free_buffers
T@10: | | | | | | | | <filesort_free_buffers
T@10: | | | | | | | <JOIN::cleanup
T@10: | | | | | | | >mysql_unlock_read_tables
T@10: | | | | | | | | >unlock_external
T@10: | | | | | | | | | >handler::ha_external_lock
T@10: | | | | | | | | | | >int ha_innobase::external_lock
T@10: | | | | | | | | | | | enter: lock_type: 2
T@10: | | | | | | | | | | | >ha_innobase::update_thd
T@10: | | | | | | | | | | | | ha_innobase::update_thd: user_thd: 0x7fff300ac3d0 -> 0x7fff300ac3d0
T@10: | | | | | | | | | | | | >innobase_trx_init
T@10: | | | | | | | | | | | | <innobase_trx_init
T@10: | | | | | | | | | | | <ha_innobase::update_thd
T@10: | | | | | | | | | | | >innobase_commit
T@10: | | | | | | | | | | | | trans: ending transaction
T@10: | | | | | | | | | | | | >innobase_trx_init
T@10: | | | | | | | | | | | | <innobase_trx_init
T@10: | | | | | | | | | | | <innobase_commit
T@10: | | | | | | | | | | <int ha_innobase::external_lock
T@10: | | | | | | | | | <handler::ha_external_lock
T@10: | | | | | | | | <unlock_external
T@10: | | | | | | | <mysql_unlock_read_tables
T@10: | | | | | | <JOIN::join_free
T@10: | | | | | | >Diagnostics_area::set_eof_status
T@10: | | | | | | <Diagnostics_area::set_eof_status
T@10: | | | | | | opt: steps: ending struct
T@10: | | | | | | opt: join_execution: ending struct
T@10: | | | | | | opt: (null): ending struct
T@10: | | | | | <Query_expression::execute
T@10: | | | | | THD::enter_stage: 'end' /opt/src/mysql-server/sql/sql_select.cc:805
T@10: | | | | | >PROFILING::status_change
T@10: | | | | | <PROFILING::status_change
T@10: | | | | | >Query_expression::cleanup
T@10: | | | | | | >JOIN::cleanup
T@10: | | | | | | | >free_io_cache
T@10: | | | | | | | <free_io_cache
T@10: | | | | | | | >filesort_free_buffers
T@10: | | | | | | | <filesort_free_buffers
T@10: | | | | | | <JOIN::cleanup
T@10: | | | | | <Query_expression::cleanup
T@10: | | | | <bool Sql_cmd_dml::execute
T@10: | | | | THD::enter_stage: 'query end' /opt/src/mysql-server/sql/sql_parse.cc:4881
T@10: | | | | >PROFILING::status_change
T@10: | | | | <PROFILING::status_change
T@10: | | | | >mysql_audit_acquire_plugins
T@10: | | | | <mysql_audit_acquire_plugins
T@10: | | | | >trans_commit_stmt
T@10: | | | | | debug: add_unsafe_rollback_flags: 0
T@10: | | | | | THD::enter_stage: 'waiting for handler commit' /opt/src/mysql-server/sql/handler.cc:1610
T@10: | | | | | >PROFILING::status_change
T@10: | | | | | <PROFILING::status_change
T@10: | | | | | >bool> commit_owned_gtids
T@10: | | | | | | >THD::is_low_level_commit_ordering_enabled
T@10: | | | | | | <THD::is_low_level_commit_ordering_enabled
T@10: | | | | | <bool> commit_owned_gtids
T@10: | | | | | >ha_commit_trans
T@10: | | | | | | info: all=0 thd->in_sub_stmt=0 ha_info=0x7fff300add98 is_real_trans=1
T@10: | | | | | | >TC_LOG::enum_result MYSQL_BIN_LOG::commit
T@10: | | | | | | | info: query='select
  emp_no,
  first_name,
  birth_date,
  ceil(datediff(current_date, birth_date) / 365) as age
from
  employees
where
  emp_no < 10010'
T@10: | | | | | | | enter: thd: 0x7fff300ac3d0, all: no, xid: 5, cache_mngr: 0x0
T@10: | | | | | | | >MYSQL_BIN_LOG::is_current_stmt_binlog_enabled_and_caches_empty
T@10: | | | | | | | <MYSQL_BIN_LOG::is_current_stmt_binlog_enabled_and_caches_empty
T@10: | | | | | | | >THD::enable_low_level_commit_ordering
T@10: | | | | | | | <THD::enable_low_level_commit_ordering
T@10: | | | | | | | >ha_commit_low
T@10: | | | | | | | | >THD::is_low_level_commit_ordering_enabled
T@10: | | | | | | | | <THD::is_low_level_commit_ordering_enabled
T@10: | | | | | | | | >bool Commit_order_manager::wait
T@10: | | | | | | | | <bool Commit_order_manager::wait
T@10: | | | | | | | | >innobase_commit
T@10: | | | | | | | | | trans: ending transaction
T@10: | | | | | | | | | >innobase_trx_init
T@10: | | | | | | | | | <innobase_trx_init
T@10: | | | | | | | | <innobase_commit
T@10: | | | | | | | | >Ha_trx_info::reset
T@10: | | | | | | | | <Ha_trx_info::reset
T@10: | | | | | | | | >Transaction_ctx::reset_scope
T@10: | | | | | | | | <Transaction_ctx::reset_scope
T@10: | | | | | | | | >void Commit_order_manager::wait_and_finish
T@10: | | | | | | | | <void Commit_order_manager::wait_and_finish
T@10: | | | | | | | <ha_commit_low
T@10: | | | | | | | >THD::disable_low_level_commit_ordering
T@10: | | | | | | | <THD::disable_low_level_commit_ordering
T@10: | | | | | | <TC_LOG::enum_result MYSQL_BIN_LOG::commit
T@10: | | | | | | >Transaction_ctx::cleanup
T@10: | | | | | | | >Rpl_transaction_ctx::cleanup
T@10: | | | | | | | <Rpl_transaction_ctx::cleanup
T@10: | | | | | | | >Rpl_transaction_write_set_ctx::reset_state
T@10: | | | | | | | | >Rpl_transaction_write_set_ctx::clear_write_set
T@10: | | | | | | | | <Rpl_transaction_write_set_ctx::clear_write_set
T@10: | | | | | | | <Rpl_transaction_write_set_ctx::reset_state
T@10: | | | | | | | >MEM_ROOT::ClearForReuse
T@10: | | | | | | | <MEM_ROOT::ClearForReuse
T@10: | | | | | | <Transaction_ctx::cleanup
T@10: | | | | | <ha_commit_trans
T@10: | | | | | >bool Session_consistency_gtids_ctx::notify_after_transaction_commit
T@10: | | | | | <bool Session_consistency_gtids_ctx::notify_after_transaction_commit
T@10: | | | | | debug: reset_unsafe_rollback_flags
T@10: | | | | <trans_commit_stmt
T@10: | | | | >Query_expression::cleanup
T@10: | | | | | >IndexRangeScanIterator::~IndexRangeScanIterator
T@10: | | | | | <IndexRangeScanIterator::~IndexRangeScanIterator
T@10: | | | | | >free_io_cache
T@10: | | | | | <free_io_cache
T@10: | | | | | >filesort_free_buffers
T@10: | | | | | <filesort_free_buffers
T@10: | | | | <Query_expression::cleanup
T@10: | | | | THD::enter_stage: 'closing tables' /opt/src/mysql-server/sql/sql_parse.cc:4944
T@10: | | | | >PROFILING::status_change
T@10: | | | | <PROFILING::status_change
T@10: | | | | >close_thread_tables
T@10: | | | | | tcache: table: 'employees'  query_id: 0
T@10: | | | | | >ha_innobase::update_thd
T@10: | | | | | | ha_innobase::update_thd: user_thd: 0x7fff300ac3d0 -> 0x7fff300ac3d0
T@10: | | | | | | >innobase_trx_init
T@10: | | | | | | <innobase_trx_init
T@10: | | | | | <ha_innobase::update_thd
T@10: | | | | | >TABLE::cleanup_partial_update
T@10: | | | | | <TABLE::cleanup_partial_update
T@10: | | | | | >THD::binlog_flush_pending_rows_event
T@10: | | | | | <THD::binlog_flush_pending_rows_event
T@10: | | | | | >THD::binlog_flush_pending_rows_event
T@10: | | | | | <THD::binlog_flush_pending_rows_event
T@10: | | | | | >mysql_unlock_tables
T@10: | | | | | <mysql_unlock_tables
T@10: | | | | | info: thd->open_tables: 0x7fff3001a8c0
T@10: | | | | | >close_thread_table
T@10: | | | | | | >ha_innobase::update_thd
T@10: | | | | | | | ha_innobase::update_thd: user_thd: 0x7fff300ac3d0 -> 0x7fff300ac3d0
T@10: | | | | | | | >innobase_trx_init
T@10: | | | | | | | <innobase_trx_init
T@10: | | | | | | <ha_innobase::update_thd
T@10: | | | | | | >handler::ha_reset
T@10: | | | | | | | >free_io_cache
T@10: | | | | | | | <free_io_cache
T@10: | | | | | | | >ha_innobase::update_thd
T@10: | | | | | | | | ha_innobase::update_thd: user_thd: 0x7fff300ac3d0 -> 0x7fff300ac3d0
T@10: | | | | | | | | >innobase_trx_init
T@10: | | | | | | | | <innobase_trx_init
T@10: | | | | | | | <ha_innobase::update_thd
T@10: | | | | | | | >ha_innobase::update_thd
T@10: | | | | | | | | ha_innobase::update_thd: user_thd: 0x7fff300ac3d0 -> 0x7fff300ac3d0
T@10: | | | | | | | | >innobase_trx_init
T@10: | | | | | | | | <innobase_trx_init
T@10: | | | | | | | <ha_innobase::update_thd
T@10: | | | | | | | >DsMrr_impl::reset
T@10: | | | | | | | <DsMrr_impl::reset
T@10: | | | | | | <handler::ha_reset
T@10: | | | | | <close_thread_table
T@10: | | | | <close_thread_tables
T@10: | | | | >THD::rollback_item_tree_changes
T@10: | | | | <THD::rollback_item_tree_changes
T@10: | | | | >stmt_causes_implicit_commit
T@10: | | | | <stmt_causes_implicit_commit
T@10: | | | | >MDL_context::release_transactional_locks
T@10: | | | | | >MDL_context::release_locks_stored_before
T@10: | | | | | <MDL_context::release_locks_stored_before
T@10: | | | | | >MDL_context::release_locks_stored_before
T@10: | | | | | | info: found lock to release ticket=0x7fff30011ed0
T@10: | | | | | | >MDL_context::release_lock
T@10: | | | | | | | enter: db=employees name=employees
T@10: | | | | | | <MDL_context::release_lock
T@10: | | | | | <MDL_context::release_locks_stored_before
T@10: | | | | <MDL_context::release_transactional_locks
T@10: | | | | >binlog_gtid_end_transaction
T@10: | | | | | >stmt_causes_implicit_commit
T@10: | | | | | <stmt_causes_implicit_commit
T@10: | | | | <binlog_gtid_end_transaction
T@10: | | | | opt: steps: ending struct
T@10: | | | | opt: (null): ending struct
T@10: | | | | >Opt_trace_start::~Opt_trace_start
Complete optimizer trace:
T@10: | | | | | >Opt_trace_context::purge_stmts
T@10: | | | | | <Opt_trace_context::purge_stmts
T@10: | | | | <Opt_trace_start::~Opt_trace_start
T@10: | | | <mysql_execute_command
T@10: | | | THD::enter_stage: 'freeing items' /opt/src/mysql-server/sql/sql_parse.cc:5413
T@10: | | | >PROFILING::status_change
T@10: | | | <PROFILING::status_change
T@10: | | | >THD::end_statement
T@10: | | | | >lex_end
T@10: | | | | | enter: lex: 0x7fff30019740
T@10: | | | | <lex_end
T@10: | | | <THD::end_statement
T@10: | | | >cleanup_items
T@10: | | | | >void Item_result_field::cleanup
T@10: | | | | <void Item_result_field::cleanup
T@10: | | | | >void Item_field::cleanup
T@10: | | | | <void Item_field::cleanup
T@10: | | | | >void Item_field::cleanup
T@10: | | | | <void Item_field::cleanup
T@10: | | | | >void Item_result_field::cleanup
T@10: | | | | <void Item_result_field::cleanup
T@10: | | | | >void Item_result_field::cleanup
T@10: | | | | <void Item_result_field::cleanup
T@10: | | | | >void Item_result_field::cleanup
T@10: | | | | <void Item_result_field::cleanup
T@10: | | | | >void Item_result_field::cleanup
T@10: | | | | <void Item_result_field::cleanup
T@10: | | | | >void Item_result_field::cleanup
T@10: | | | | <void Item_result_field::cleanup
T@10: | | | | >void Item_result_field::cleanup
T@10: | | | | <void Item_result_field::cleanup
T@10: | | | | >void Item_field::cleanup
T@10: | | | | <void Item_field::cleanup
T@10: | | | | >void Item_field::cleanup
T@10: | | | | <void Item_field::cleanup
T@10: | | | | >void Item_field::cleanup
T@10: | | | | <void Item_field::cleanup
T@10: | | | <cleanup_items
T@10: | | | >Query_arena::free_items
T@10: | | | <Query_arena::free_items
T@10: | | <dispatch_sql_command
T@10: | | info: query ready
T@10: | | >THD::send_statement_status
T@10: | | | >bool Protocol_classic::send_eof
T@10: | | | | >net_send_ok
T@10: | | | | | info: affected_rows: 0  id: 0  status: 2  warning_count: 0
T@10: | | | | | net write: Memory: 0x7fffe03f04d0  Bytes: (7)
FE 00 00 02 00 00 00 
T@10: | | | | | >vio_is_blocking
T@10: | | | | | <vio_is_blocking
T@10: | | | | | >net_write_buff
T@10: | | | | | <net_write_buff
T@10: | | | | | >net_write_buff
T@10: | | | | | <net_write_buff
T@10: | | | | | >net_flush
T@10: | | | | | | >net_write_packet
T@10: | | | | | | | >vio_write
T@10: | | | | | | | <vio_write
T@10: | | | | | | <net_write_packet
T@10: | | | | | <net_flush
T@10: | | | | | info: OK sent, so no more error sending allowed
T@10: | | | | <net_send_ok
T@10: | | | <bool Protocol_classic::send_eof
T@10: | | <THD::send_statement_status
T@10: | | >bool Session_consistency_gtids_ctx::notify_after_response_packet
T@10: | | <bool Session_consistency_gtids_ctx::notify_after_response_packet
T@10: | | >mysql_audit_acquire_plugins
T@10: | | <mysql_audit_acquire_plugins
T@10: | | >mysql_audit_acquire_plugins
T@10: | | <mysql_audit_acquire_plugins
T@10: | | >mysql_audit_acquire_plugins
T@10: | | <mysql_audit_acquire_plugins
T@10: | | >log_slow_applicable
T@10: | | <log_slow_applicable
T@10: | | THD::enter_stage: 'cleaning up' /opt/src/mysql-server/sql/sql_parse.cc:2489
T@10: | | >PROFILING::status_change
T@10: | | <PROFILING::status_change
T@10: | | >MEM_ROOT::Clear
T@10: | | | enter: root: 0x7fff300aed10
T@10: | | <MEM_ROOT::Clear
T@10: | | >PROFILING::finish_current_query
T@10: | | <PROFILING::finish_current_query
T@10: | <dispatch_command
T@10: <do_command
T@10: >do_command
T@10: | >THD::clear_error
T@10: | <THD::clear_error
T@10: | >Diagnostics_area::reset_diagnostics_area
T@10: | <Diagnostics_area::reset_diagnostics_area
T@10: | >my_net_set_read_timeout
T@10: | | enter: timeout: 28800
T@10: | | >vio_socket_timeout
T@10: | | <vio_socket_timeout
T@10: | <my_net_set_read_timeout
T@10: | >vio_is_blocking
T@10: | <vio_is_blocking
T@10: | >net_read_raw_loop
T@10: | | >vio_read
T@10: | | | >vio_is_blocking
T@10: | | | <vio_is_blocking
T@10: | | | >vio_io_wait
